2025-08-16 19:18:48,514 - INFO - استخراج بطاقة الكتاب 30151
2025-08-16 19:19:52,706 - INFO - استخراج بطاقة الكتاب 30151
2025-08-16 19:20:23,486 - INFO - استخراج بطاقة الكتاب 30151
2025-08-16 19:20:47,795 - INFO - استخراج بطاقة الكتاب 30151
2025-08-16 19:21:01,593 - INFO - استخراج بطاقة الكتاب 30151
2025-08-16 19:21:12,087 - INFO - استخراج بطاقة الكتاب 30151
2025-08-16 19:21:12,754 - INFO - استخراج فهرس الكتاب 30151
2025-08-16 19:21:13,152 - WARNING - لم يتم العثور على قائمة الفهرس للكتاب 30151
2025-08-16 19:21:13,152 - INFO - اكتشاف أجزاء الكتاب 30151
2025-08-16 19:21:13,542 - INFO - تم اكتشاف 1 جزء و 793 صفحة للكتاب 30151
2025-08-16 19:21:28,621 - INFO - بدء استخراج الكتاب الكامل 30151
2025-08-16 19:21:28,621 - INFO - استخراج بطاقة الكتاب 30151
2025-08-16 19:21:29,289 - INFO - استخراج فهرس الكتاب 30151
2025-08-16 19:21:29,662 - WARNING - لم يتم العثور على قائمة الفهرس للكتاب 30151
2025-08-16 19:21:29,662 - INFO - اكتشاف أجزاء الكتاب 30151
2025-08-16 19:21:30,055 - INFO - تم اكتشاف 1 جزء و 793 صفحة للكتاب 30151
2025-08-16 19:21:30,055 - INFO - بدء استخراج 793 صفحة للكتاب 30151
2025-08-16 19:21:30,055 - INFO - استخراج الصفحات 1 إلى 5
2025-08-16 19:21:30,759 - INFO - تم استخراج 5 من 793 صفحة (0.6%)
2025-08-16 19:21:30,759 - INFO - استخراج الصفحات 6 إلى 10
2025-08-16 19:21:31,203 - INFO - تم استخراج 10 من 793 صفحة (1.3%)
2025-08-16 19:21:31,203 - INFO - استخراج الصفحات 11 إلى 15
2025-08-16 19:21:31,658 - INFO - تم استخراج 15 من 793 صفحة (1.9%)
2025-08-16 19:21:31,658 - INFO - استخراج الصفحات 16 إلى 20
2025-08-16 19:21:32,128 - INFO - تم استخراج 20 من 793 صفحة (2.5%)
2025-08-16 19:21:32,128 - INFO - استخراج الصفحات 21 إلى 25
2025-08-16 19:21:32,568 - INFO - تم استخراج 25 من 793 صفحة (3.2%)
2025-08-16 19:21:32,568 - INFO - استخراج الصفحات 26 إلى 30
2025-08-16 19:21:33,004 - INFO - تم استخراج 30 من 793 صفحة (3.8%)
2025-08-16 19:21:33,004 - INFO - استخراج الصفحات 31 إلى 35
2025-08-16 19:21:33,452 - INFO - تم استخراج 35 من 793 صفحة (4.4%)
2025-08-16 19:21:33,452 - INFO - استخراج الصفحات 36 إلى 40
2025-08-16 19:21:33,945 - INFO - تم استخراج 40 من 793 صفحة (5.0%)
2025-08-16 19:21:33,945 - INFO - استخراج الصفحات 41 إلى 45
2025-08-16 19:21:34,403 - INFO - تم استخراج 45 من 793 صفحة (5.7%)
2025-08-16 19:21:34,403 - INFO - استخراج الصفحات 46 إلى 50
2025-08-16 19:21:34,875 - INFO - تم استخراج 50 من 793 صفحة (6.3%)
2025-08-16 19:21:34,875 - INFO - استخراج الصفحات 51 إلى 55
2025-08-16 19:21:35,308 - INFO - تم استخراج 55 من 793 صفحة (6.9%)
2025-08-16 19:21:35,308 - INFO - استخراج الصفحات 56 إلى 60
2025-08-16 19:21:35,771 - INFO - تم استخراج 60 من 793 صفحة (7.6%)
2025-08-16 19:21:35,771 - INFO - استخراج الصفحات 61 إلى 65
2025-08-16 19:21:36,215 - INFO - تم استخراج 65 من 793 صفحة (8.2%)
2025-08-16 19:21:36,215 - INFO - استخراج الصفحات 66 إلى 70
2025-08-16 19:21:36,655 - INFO - تم استخراج 70 من 793 صفحة (8.8%)
2025-08-16 19:21:36,655 - INFO - استخراج الصفحات 71 إلى 75
2025-08-16 19:21:37,117 - INFO - تم استخراج 75 من 793 صفحة (9.5%)
2025-08-16 19:21:37,117 - INFO - استخراج الصفحات 76 إلى 80
2025-08-16 19:21:37,607 - INFO - تم استخراج 80 من 793 صفحة (10.1%)
2025-08-16 19:21:37,607 - INFO - استخراج الصفحات 81 إلى 85
2025-08-16 19:21:38,064 - INFO - تم استخراج 85 من 793 صفحة (10.7%)
2025-08-16 19:21:38,064 - INFO - استخراج الصفحات 86 إلى 90
2025-08-16 19:21:38,500 - INFO - تم استخراج 90 من 793 صفحة (11.3%)
2025-08-16 19:21:38,500 - INFO - استخراج الصفحات 91 إلى 95
2025-08-16 19:21:38,935 - INFO - تم استخراج 95 من 793 صفحة (12.0%)
2025-08-16 19:21:38,936 - INFO - استخراج الصفحات 96 إلى 100
2025-08-16 19:21:39,405 - INFO - تم استخراج 100 من 793 صفحة (12.6%)
2025-08-16 19:21:39,405 - INFO - استخراج الصفحات 101 إلى 105
2025-08-16 19:21:39,840 - INFO - تم استخراج 105 من 793 صفحة (13.2%)
2025-08-16 19:21:39,840 - INFO - استخراج الصفحات 106 إلى 110
2025-08-16 19:21:40,293 - INFO - تم استخراج 110 من 793 صفحة (13.9%)
2025-08-16 19:21:40,293 - INFO - استخراج الصفحات 111 إلى 115
2025-08-16 19:21:40,753 - INFO - تم استخراج 115 من 793 صفحة (14.5%)
2025-08-16 19:21:40,753 - INFO - استخراج الصفحات 116 إلى 120
2025-08-16 19:21:41,219 - INFO - تم استخراج 120 من 793 صفحة (15.1%)
2025-08-16 19:21:41,220 - INFO - استخراج الصفحات 121 إلى 125
2025-08-16 19:21:41,668 - INFO - تم استخراج 125 من 793 صفحة (15.8%)
2025-08-16 19:21:41,668 - INFO - استخراج الصفحات 126 إلى 130
2025-08-16 19:21:42,114 - INFO - تم استخراج 130 من 793 صفحة (16.4%)
2025-08-16 19:21:42,114 - INFO - استخراج الصفحات 131 إلى 135
2025-08-16 19:21:42,552 - INFO - تم استخراج 135 من 793 صفحة (17.0%)
2025-08-16 19:21:42,553 - INFO - استخراج الصفحات 136 إلى 140
2025-08-16 19:21:43,020 - INFO - تم استخراج 140 من 793 صفحة (17.7%)
2025-08-16 19:21:43,021 - INFO - استخراج الصفحات 141 إلى 145
2025-08-16 19:21:43,455 - INFO - تم استخراج 145 من 793 صفحة (18.3%)
2025-08-16 19:21:43,455 - INFO - استخراج الصفحات 146 إلى 150
2025-08-16 19:21:43,898 - INFO - تم استخراج 150 من 793 صفحة (18.9%)
2025-08-16 19:21:43,898 - INFO - استخراج الصفحات 151 إلى 155
2025-08-16 19:21:44,337 - INFO - تم استخراج 155 من 793 صفحة (19.5%)
2025-08-16 19:21:44,337 - INFO - استخراج الصفحات 156 إلى 160
2025-08-16 19:21:44,804 - INFO - تم استخراج 160 من 793 صفحة (20.2%)
2025-08-16 19:21:44,804 - INFO - استخراج الصفحات 161 إلى 165
2025-08-16 19:21:45,241 - INFO - تم استخراج 165 من 793 صفحة (20.8%)
2025-08-16 19:21:45,241 - INFO - استخراج الصفحات 166 إلى 170
2025-08-16 19:21:45,693 - INFO - تم استخراج 170 من 793 صفحة (21.4%)
2025-08-16 19:21:45,693 - INFO - استخراج الصفحات 171 إلى 175
2025-08-16 19:21:46,163 - INFO - تم استخراج 175 من 793 صفحة (22.1%)
2025-08-16 19:21:46,163 - INFO - استخراج الصفحات 176 إلى 180
2025-08-16 19:21:46,634 - INFO - تم استخراج 180 من 793 صفحة (22.7%)
2025-08-16 19:21:46,635 - INFO - استخراج الصفحات 181 إلى 185
2025-08-16 19:21:47,092 - INFO - تم استخراج 185 من 793 صفحة (23.3%)
2025-08-16 19:21:47,092 - INFO - استخراج الصفحات 186 إلى 190
2025-08-16 19:21:47,533 - INFO - تم استخراج 190 من 793 صفحة (24.0%)
2025-08-16 19:21:47,534 - INFO - استخراج الصفحات 191 إلى 195
2025-08-16 19:21:47,969 - INFO - تم استخراج 195 من 793 صفحة (24.6%)
2025-08-16 19:21:47,969 - INFO - استخراج الصفحات 196 إلى 200
2025-08-16 19:21:48,406 - INFO - تم استخراج 200 من 793 صفحة (25.2%)
2025-08-16 19:21:48,406 - INFO - استخراج الصفحات 201 إلى 205
2025-08-16 19:21:48,868 - INFO - تم استخراج 205 من 793 صفحة (25.9%)
2025-08-16 19:21:48,868 - INFO - استخراج الصفحات 206 إلى 210
2025-08-16 19:21:49,305 - INFO - تم استخراج 210 من 793 صفحة (26.5%)
2025-08-16 19:21:49,305 - INFO - استخراج الصفحات 211 إلى 215
2025-08-16 19:21:49,772 - INFO - تم استخراج 215 من 793 صفحة (27.1%)
2025-08-16 19:21:49,772 - INFO - استخراج الصفحات 216 إلى 220
2025-08-16 19:21:50,210 - INFO - تم استخراج 220 من 793 صفحة (27.7%)
2025-08-16 19:21:50,210 - INFO - استخراج الصفحات 221 إلى 225
2025-08-16 19:21:50,674 - INFO - تم استخراج 225 من 793 صفحة (28.4%)
2025-08-16 19:21:50,674 - INFO - استخراج الصفحات 226 إلى 230
2025-08-16 19:21:51,114 - INFO - تم استخراج 230 من 793 صفحة (29.0%)
2025-08-16 19:21:51,114 - INFO - استخراج الصفحات 231 إلى 235
2025-08-16 19:21:51,561 - INFO - تم استخراج 235 من 793 صفحة (29.6%)
2025-08-16 19:21:51,561 - INFO - استخراج الصفحات 236 إلى 240
2025-08-16 19:21:51,997 - INFO - تم استخراج 240 من 793 صفحة (30.3%)
2025-08-16 19:21:51,997 - INFO - استخراج الصفحات 241 إلى 245
2025-08-16 19:21:52,467 - INFO - تم استخراج 245 من 793 صفحة (30.9%)
2025-08-16 19:21:52,467 - INFO - استخراج الصفحات 246 إلى 250
2025-08-16 19:21:52,906 - INFO - تم استخراج 250 من 793 صفحة (31.5%)
2025-08-16 19:21:52,907 - INFO - استخراج الصفحات 251 إلى 255
2025-08-16 19:21:53,340 - INFO - تم استخراج 255 من 793 صفحة (32.2%)
2025-08-16 19:21:53,340 - INFO - استخراج الصفحات 256 إلى 260
2025-08-16 19:21:53,817 - INFO - تم استخراج 260 من 793 صفحة (32.8%)
2025-08-16 19:21:53,817 - INFO - استخراج الصفحات 261 إلى 265
2025-08-16 19:21:54,282 - INFO - تم استخراج 265 من 793 صفحة (33.4%)
2025-08-16 19:21:54,283 - INFO - استخراج الصفحات 266 إلى 270
2025-08-16 19:21:54,726 - INFO - تم استخراج 270 من 793 صفحة (34.0%)
2025-08-16 19:21:54,726 - INFO - استخراج الصفحات 271 إلى 275
2025-08-16 19:21:55,160 - INFO - تم استخراج 275 من 793 صفحة (34.7%)
2025-08-16 19:21:55,160 - INFO - استخراج الصفحات 276 إلى 280
2025-08-16 19:21:55,599 - INFO - تم استخراج 280 من 793 صفحة (35.3%)
2025-08-16 19:21:55,599 - INFO - استخراج الصفحات 281 إلى 285
2025-08-16 19:21:56,071 - INFO - تم استخراج 285 من 793 صفحة (35.9%)
2025-08-16 19:21:56,071 - INFO - استخراج الصفحات 286 إلى 290
2025-08-16 19:21:56,515 - INFO - تم استخراج 290 من 793 صفحة (36.6%)
2025-08-16 19:21:56,515 - INFO - استخراج الصفحات 291 إلى 295
2025-08-16 19:21:56,949 - INFO - تم استخراج 295 من 793 صفحة (37.2%)
2025-08-16 19:21:56,949 - INFO - استخراج الصفحات 296 إلى 300
2025-08-16 19:21:57,385 - INFO - تم استخراج 300 من 793 صفحة (37.8%)
2025-08-16 19:21:57,385 - INFO - استخراج الصفحات 301 إلى 305
2025-08-16 19:21:57,854 - INFO - تم استخراج 305 من 793 صفحة (38.5%)
2025-08-16 19:21:57,854 - INFO - استخراج الصفحات 306 إلى 310
2025-08-16 19:21:58,289 - INFO - تم استخراج 310 من 793 صفحة (39.1%)
2025-08-16 19:21:58,289 - INFO - استخراج الصفحات 311 إلى 315
2025-08-16 19:21:58,728 - INFO - تم استخراج 315 من 793 صفحة (39.7%)
2025-08-16 19:21:58,728 - INFO - استخراج الصفحات 316 إلى 320
2025-08-16 19:21:59,172 - INFO - تم استخراج 320 من 793 صفحة (40.4%)
2025-08-16 19:21:59,172 - INFO - استخراج الصفحات 321 إلى 325
2025-08-16 19:21:59,639 - INFO - تم استخراج 325 من 793 صفحة (41.0%)
2025-08-16 19:21:59,639 - INFO - استخراج الصفحات 326 إلى 330
2025-08-16 19:22:00,088 - INFO - تم استخراج 330 من 793 صفحة (41.6%)
2025-08-16 19:22:00,088 - INFO - استخراج الصفحات 331 إلى 335
2025-08-16 19:22:00,530 - INFO - تم استخراج 335 من 793 صفحة (42.2%)
2025-08-16 19:22:00,531 - INFO - استخراج الصفحات 336 إلى 340
2025-08-16 19:22:01,006 - INFO - تم استخراج 340 من 793 صفحة (42.9%)
2025-08-16 19:22:01,006 - INFO - استخراج الصفحات 341 إلى 345
2025-08-16 19:22:01,497 - INFO - تم استخراج 345 من 793 صفحة (43.5%)
2025-08-16 19:22:01,497 - INFO - استخراج الصفحات 346 إلى 350
2025-08-16 19:22:01,950 - INFO - تم استخراج 350 من 793 صفحة (44.1%)
2025-08-16 19:22:01,951 - INFO - استخراج الصفحات 351 إلى 355
2025-08-16 19:22:02,384 - INFO - تم استخراج 355 من 793 صفحة (44.8%)
2025-08-16 19:22:02,384 - INFO - استخراج الصفحات 356 إلى 360
2025-08-16 19:22:02,828 - INFO - تم استخراج 360 من 793 صفحة (45.4%)
2025-08-16 19:22:02,828 - INFO - استخراج الصفحات 361 إلى 365
2025-08-16 19:22:03,320 - INFO - تم استخراج 365 من 793 صفحة (46.0%)
2025-08-16 19:22:03,320 - INFO - استخراج الصفحات 366 إلى 370
2025-08-16 19:22:03,781 - INFO - تم استخراج 370 من 793 صفحة (46.7%)
2025-08-16 19:22:03,781 - INFO - استخراج الصفحات 371 إلى 375
2025-08-16 19:22:04,229 - INFO - تم استخراج 375 من 793 صفحة (47.3%)
2025-08-16 19:22:04,229 - INFO - استخراج الصفحات 376 إلى 380
2025-08-16 19:22:04,667 - INFO - تم استخراج 380 من 793 صفحة (47.9%)
2025-08-16 19:22:04,667 - INFO - استخراج الصفحات 381 إلى 385
2025-08-16 19:22:05,161 - INFO - تم استخراج 385 من 793 صفحة (48.5%)
2025-08-16 19:22:05,162 - INFO - استخراج الصفحات 386 إلى 390
2025-08-16 19:22:05,603 - INFO - تم استخراج 390 من 793 صفحة (49.2%)
2025-08-16 19:22:05,603 - INFO - استخراج الصفحات 391 إلى 395
2025-08-16 19:22:06,048 - INFO - تم استخراج 395 من 793 صفحة (49.8%)
2025-08-16 19:22:06,048 - INFO - استخراج الصفحات 396 إلى 400
2025-08-16 19:22:06,487 - INFO - تم استخراج 400 من 793 صفحة (50.4%)
2025-08-16 19:22:06,487 - INFO - استخراج الصفحات 401 إلى 405
2025-08-16 19:22:06,972 - INFO - تم استخراج 405 من 793 صفحة (51.1%)
2025-08-16 19:22:06,972 - INFO - استخراج الصفحات 406 إلى 410
2025-08-16 19:22:07,414 - INFO - تم استخراج 410 من 793 صفحة (51.7%)
2025-08-16 19:22:07,414 - INFO - استخراج الصفحات 411 إلى 415
2025-08-16 19:22:07,860 - INFO - تم استخراج 415 من 793 صفحة (52.3%)
2025-08-16 19:22:07,860 - INFO - استخراج الصفحات 416 إلى 420
2025-08-16 19:22:08,301 - INFO - تم استخراج 420 من 793 صفحة (53.0%)
2025-08-16 19:22:08,302 - INFO - استخراج الصفحات 421 إلى 425
2025-08-16 19:22:08,783 - INFO - تم استخراج 425 من 793 صفحة (53.6%)
2025-08-16 19:22:08,783 - INFO - استخراج الصفحات 426 إلى 430
2025-08-16 19:22:09,227 - INFO - تم استخراج 430 من 793 صفحة (54.2%)
2025-08-16 19:22:09,227 - INFO - استخراج الصفحات 431 إلى 435
2025-08-16 19:22:09,672 - INFO - تم استخراج 435 من 793 صفحة (54.9%)
2025-08-16 19:22:09,673 - INFO - استخراج الصفحات 436 إلى 440
2025-08-16 19:22:10,113 - INFO - تم استخراج 440 من 793 صفحة (55.5%)
2025-08-16 19:22:10,113 - INFO - استخراج الصفحات 441 إلى 445
2025-08-16 19:22:10,592 - INFO - تم استخراج 445 من 793 صفحة (56.1%)
2025-08-16 19:22:10,592 - INFO - استخراج الصفحات 446 إلى 450
2025-08-16 19:22:11,034 - INFO - تم استخراج 450 من 793 صفحة (56.7%)
2025-08-16 19:22:11,034 - INFO - استخراج الصفحات 451 إلى 455
2025-08-16 19:22:11,477 - INFO - تم استخراج 455 من 793 صفحة (57.4%)
2025-08-16 19:22:11,477 - INFO - استخراج الصفحات 456 إلى 460
2025-08-16 19:22:11,918 - INFO - تم استخراج 460 من 793 صفحة (58.0%)
2025-08-16 19:22:11,918 - INFO - استخراج الصفحات 461 إلى 465
2025-08-16 19:22:12,404 - INFO - تم استخراج 465 من 793 صفحة (58.6%)
2025-08-16 19:22:12,404 - INFO - استخراج الصفحات 466 إلى 470
2025-08-16 19:22:12,862 - INFO - تم استخراج 470 من 793 صفحة (59.3%)
2025-08-16 19:22:12,862 - INFO - استخراج الصفحات 471 إلى 475
2025-08-16 19:22:13,303 - INFO - تم استخراج 475 من 793 صفحة (59.9%)
2025-08-16 19:22:13,303 - INFO - استخراج الصفحات 476 إلى 480
2025-08-16 19:22:13,754 - INFO - تم استخراج 480 من 793 صفحة (60.5%)
2025-08-16 19:22:13,755 - INFO - استخراج الصفحات 481 إلى 485
2025-08-16 19:22:14,248 - INFO - تم استخراج 485 من 793 صفحة (61.2%)
2025-08-16 19:22:14,248 - INFO - استخراج الصفحات 486 إلى 490
2025-08-16 19:22:14,690 - INFO - تم استخراج 490 من 793 صفحة (61.8%)
2025-08-16 19:22:14,690 - INFO - استخراج الصفحات 491 إلى 495
2025-08-16 19:22:15,318 - INFO - تم استخراج 495 من 793 صفحة (62.4%)
2025-08-16 19:22:15,318 - INFO - استخراج الصفحات 496 إلى 500
2025-08-16 19:22:15,795 - INFO - تم استخراج 500 من 793 صفحة (63.1%)
2025-08-16 19:22:15,795 - INFO - استخراج الصفحات 501 إلى 505
2025-08-16 19:22:16,288 - INFO - تم استخراج 505 من 793 صفحة (63.7%)
2025-08-16 19:22:16,288 - INFO - استخراج الصفحات 506 إلى 510
2025-08-16 19:22:16,961 - INFO - تم استخراج 510 من 793 صفحة (64.3%)
2025-08-16 19:22:16,962 - INFO - استخراج الصفحات 511 إلى 515
2025-08-16 19:22:17,400 - INFO - تم استخراج 515 من 793 صفحة (64.9%)
2025-08-16 19:22:17,401 - INFO - استخراج الصفحات 516 إلى 520
2025-08-16 19:22:17,870 - INFO - تم استخراج 520 من 793 صفحة (65.6%)
2025-08-16 19:22:17,870 - INFO - استخراج الصفحات 521 إلى 525
2025-08-16 19:22:18,382 - INFO - تم استخراج 525 من 793 صفحة (66.2%)
2025-08-16 19:22:18,383 - INFO - استخراج الصفحات 526 إلى 530
2025-08-16 19:22:18,820 - INFO - تم استخراج 530 من 793 صفحة (66.8%)
2025-08-16 19:22:18,820 - INFO - استخراج الصفحات 531 إلى 535
2025-08-16 19:22:19,261 - INFO - تم استخراج 535 من 793 صفحة (67.5%)
2025-08-16 19:22:19,261 - INFO - استخراج الصفحات 536 إلى 540
2025-08-16 19:22:19,703 - INFO - تم استخراج 540 من 793 صفحة (68.1%)
2025-08-16 19:22:19,704 - INFO - استخراج الصفحات 541 إلى 545
2025-08-16 19:22:20,189 - INFO - تم استخراج 545 من 793 صفحة (68.7%)
2025-08-16 19:22:20,189 - INFO - استخراج الصفحات 546 إلى 550
2025-08-16 19:22:20,640 - INFO - تم استخراج 550 من 793 صفحة (69.4%)
2025-08-16 19:22:20,641 - INFO - استخراج الصفحات 551 إلى 555
2025-08-16 19:22:21,084 - INFO - تم استخراج 555 من 793 صفحة (70.0%)
2025-08-16 19:22:21,084 - INFO - استخراج الصفحات 556 إلى 560
2025-08-16 19:22:21,520 - INFO - تم استخراج 560 من 793 صفحة (70.6%)
2025-08-16 19:22:21,521 - INFO - استخراج الصفحات 561 إلى 565
2025-08-16 19:22:22,011 - INFO - تم استخراج 565 من 793 صفحة (71.2%)
2025-08-16 19:22:22,012 - INFO - استخراج الصفحات 566 إلى 570
2025-08-16 19:22:22,483 - INFO - تم استخراج 570 من 793 صفحة (71.9%)
2025-08-16 19:22:22,483 - INFO - استخراج الصفحات 571 إلى 575
2025-08-16 19:22:22,946 - INFO - تم استخراج 575 من 793 صفحة (72.5%)
2025-08-16 19:22:22,946 - INFO - استخراج الصفحات 576 إلى 580
2025-08-16 19:22:23,418 - INFO - تم استخراج 580 من 793 صفحة (73.1%)
2025-08-16 19:22:23,418 - INFO - استخراج الصفحات 581 إلى 585
2025-08-16 19:22:23,908 - INFO - تم استخراج 585 من 793 صفحة (73.8%)
2025-08-16 19:22:23,908 - INFO - استخراج الصفحات 586 إلى 590
2025-08-16 19:22:24,354 - INFO - تم استخراج 590 من 793 صفحة (74.4%)
2025-08-16 19:22:24,354 - INFO - استخراج الصفحات 591 إلى 595
2025-08-16 19:22:24,795 - INFO - تم استخراج 595 من 793 صفحة (75.0%)
2025-08-16 19:22:24,796 - INFO - استخراج الصفحات 596 إلى 600
2025-08-16 19:22:25,233 - INFO - تم استخراج 600 من 793 صفحة (75.7%)
2025-08-16 19:22:25,233 - INFO - استخراج الصفحات 601 إلى 605
2025-08-16 19:22:25,719 - INFO - تم استخراج 605 من 793 صفحة (76.3%)
2025-08-16 19:22:25,719 - INFO - استخراج الصفحات 606 إلى 610
2025-08-16 19:22:26,160 - INFO - تم استخراج 610 من 793 صفحة (76.9%)
2025-08-16 19:22:26,160 - INFO - استخراج الصفحات 611 إلى 615
2025-08-16 19:22:26,599 - INFO - تم استخراج 615 من 793 صفحة (77.6%)
2025-08-16 19:22:26,599 - INFO - استخراج الصفحات 616 إلى 620
2025-08-16 19:22:27,036 - INFO - تم استخراج 620 من 793 صفحة (78.2%)
2025-08-16 19:22:27,036 - INFO - استخراج الصفحات 621 إلى 625
2025-08-16 19:22:27,538 - INFO - تم استخراج 625 من 793 صفحة (78.8%)
2025-08-16 19:22:27,538 - INFO - استخراج الصفحات 626 إلى 630
2025-08-16 19:22:27,984 - INFO - تم استخراج 630 من 793 صفحة (79.4%)
2025-08-16 19:22:27,985 - INFO - استخراج الصفحات 631 إلى 635
2025-08-16 19:22:28,427 - INFO - تم استخراج 635 من 793 صفحة (80.1%)
2025-08-16 19:22:28,427 - INFO - استخراج الصفحات 636 إلى 640
2025-08-16 19:22:28,865 - INFO - تم استخراج 640 من 793 صفحة (80.7%)
2025-08-16 19:22:28,865 - INFO - استخراج الصفحات 641 إلى 645
2025-08-16 19:22:29,355 - INFO - تم استخراج 645 من 793 صفحة (81.3%)
2025-08-16 19:22:29,356 - INFO - استخراج الصفحات 646 إلى 650
2025-08-16 19:22:29,796 - INFO - تم استخراج 650 من 793 صفحة (82.0%)
2025-08-16 19:22:29,796 - INFO - استخراج الصفحات 651 إلى 655
2025-08-16 19:22:30,244 - INFO - تم استخراج 655 من 793 صفحة (82.6%)
2025-08-16 19:22:30,244 - INFO - استخراج الصفحات 656 إلى 660
2025-08-16 19:22:30,687 - INFO - تم استخراج 660 من 793 صفحة (83.2%)
2025-08-16 19:22:30,687 - INFO - استخراج الصفحات 661 إلى 665
2025-08-16 19:22:31,155 - INFO - تم استخراج 665 من 793 صفحة (83.9%)
2025-08-16 19:22:31,155 - INFO - استخراج الصفحات 666 إلى 670
2025-08-16 19:22:31,603 - INFO - تم استخراج 670 من 793 صفحة (84.5%)
2025-08-16 19:22:31,603 - INFO - استخراج الصفحات 671 إلى 675
2025-08-16 19:22:32,043 - INFO - تم استخراج 675 من 793 صفحة (85.1%)
2025-08-16 19:22:32,043 - INFO - استخراج الصفحات 676 إلى 680
2025-08-16 19:22:32,479 - INFO - تم استخراج 680 من 793 صفحة (85.8%)
2025-08-16 19:22:32,479 - INFO - استخراج الصفحات 681 إلى 685
2025-08-16 19:22:32,944 - INFO - تم استخراج 685 من 793 صفحة (86.4%)
2025-08-16 19:22:32,944 - INFO - استخراج الصفحات 686 إلى 690
2025-08-16 19:22:33,380 - INFO - تم استخراج 690 من 793 صفحة (87.0%)
2025-08-16 19:22:33,381 - INFO - استخراج الصفحات 691 إلى 695
2025-08-16 19:22:33,819 - INFO - تم استخراج 695 من 793 صفحة (87.6%)
2025-08-16 19:22:33,819 - INFO - استخراج الصفحات 696 إلى 700
2025-08-16 19:22:34,257 - INFO - تم استخراج 700 من 793 صفحة (88.3%)
2025-08-16 19:22:34,257 - INFO - استخراج الصفحات 701 إلى 705
2025-08-16 19:22:34,720 - INFO - تم استخراج 705 من 793 صفحة (88.9%)
2025-08-16 19:22:34,720 - INFO - استخراج الصفحات 706 إلى 710
2025-08-16 19:22:35,170 - INFO - تم استخراج 710 من 793 صفحة (89.5%)
2025-08-16 19:22:35,170 - INFO - استخراج الصفحات 711 إلى 715
2025-08-16 19:22:35,619 - INFO - تم استخراج 715 من 793 صفحة (90.2%)
2025-08-16 19:22:35,619 - INFO - استخراج الصفحات 716 إلى 720
2025-08-16 19:22:36,061 - INFO - تم استخراج 720 من 793 صفحة (90.8%)
2025-08-16 19:22:36,061 - INFO - استخراج الصفحات 721 إلى 725
2025-08-16 19:22:36,559 - INFO - تم استخراج 725 من 793 صفحة (91.4%)
2025-08-16 19:22:36,559 - INFO - استخراج الصفحات 726 إلى 730
2025-08-16 19:22:36,994 - INFO - تم استخراج 730 من 793 صفحة (92.1%)
2025-08-16 19:22:36,994 - INFO - استخراج الصفحات 731 إلى 735
2025-08-16 19:22:37,448 - INFO - تم استخراج 735 من 793 صفحة (92.7%)
2025-08-16 19:22:37,449 - INFO - استخراج الصفحات 736 إلى 740
2025-08-16 19:22:37,887 - INFO - تم استخراج 740 من 793 صفحة (93.3%)
2025-08-16 19:22:37,888 - INFO - استخراج الصفحات 741 إلى 745
2025-08-16 19:22:38,350 - INFO - تم استخراج 745 من 793 صفحة (93.9%)
2025-08-16 19:22:38,350 - INFO - استخراج الصفحات 746 إلى 750
2025-08-16 19:22:38,783 - INFO - تم استخراج 750 من 793 صفحة (94.6%)
2025-08-16 19:22:38,784 - INFO - استخراج الصفحات 751 إلى 755
2025-08-16 19:22:39,216 - INFO - تم استخراج 755 من 793 صفحة (95.2%)
2025-08-16 19:22:39,216 - INFO - استخراج الصفحات 756 إلى 760
2025-08-16 19:22:39,651 - INFO - تم استخراج 760 من 793 صفحة (95.8%)
2025-08-16 19:22:39,651 - INFO - استخراج الصفحات 761 إلى 765
2025-08-16 19:22:40,114 - INFO - تم استخراج 765 من 793 صفحة (96.5%)
2025-08-16 19:22:40,115 - INFO - استخراج الصفحات 766 إلى 770
2025-08-16 19:22:40,551 - INFO - تم استخراج 770 من 793 صفحة (97.1%)
2025-08-16 19:22:40,551 - INFO - استخراج الصفحات 771 إلى 775
2025-08-16 19:22:41,006 - INFO - تم استخراج 775 من 793 صفحة (97.7%)
2025-08-16 19:22:41,006 - INFO - استخراج الصفحات 776 إلى 780
2025-08-16 19:22:41,453 - INFO - تم استخراج 780 من 793 صفحة (98.4%)
2025-08-16 19:22:41,453 - INFO - استخراج الصفحات 781 إلى 785
2025-08-16 19:22:41,960 - INFO - تم استخراج 785 من 793 صفحة (99.0%)
2025-08-16 19:22:41,961 - INFO - استخراج الصفحات 786 إلى 790
2025-08-16 19:22:42,437 - INFO - تم استخراج 790 من 793 صفحة (99.6%)
2025-08-16 19:22:42,438 - INFO - استخراج الصفحات 791 إلى 793
2025-08-16 19:22:42,847 - INFO - تم استخراج 793 من 793 صفحة (100.0%)
2025-08-16 19:22:42,848 - INFO - تم استخراج الكتاب 30151 بنجاح - 793 صفحة
2025-08-16 19:23:15,879 - INFO - استخراج بطاقة الكتاب 1680
2025-08-16 19:23:16,537 - INFO - استخراج فهرس الكتاب 1680
2025-08-16 19:23:16,904 - INFO - تم استخراج 3 فصل رئيسي من فهرس الكتاب 1680
2025-08-16 19:23:16,904 - INFO - اكتشاف أجزاء الكتاب 1680
2025-08-16 19:23:17,275 - INFO - تم اكتشاف 1 جزء و 443 صفحة للكتاب 1680
2025-08-16 19:23:28,789 - INFO - تم الاتصال بقاعدة البيانات بنجاح
2025-08-16 19:23:28,921 - INFO - تم قطع الاتصال بقاعدة البيانات
2025-08-16 19:23:28,921 - INFO - بدء استخراج الكتاب الكامل 1680
2025-08-16 19:23:28,921 - INFO - استخراج بطاقة الكتاب 1680
2025-08-16 19:23:29,631 - INFO - استخراج فهرس الكتاب 1680
2025-08-16 19:23:29,996 - INFO - تم استخراج 3 فصل رئيسي من فهرس الكتاب 1680
2025-08-16 19:23:29,996 - INFO - اكتشاف أجزاء الكتاب 1680
2025-08-16 19:23:30,367 - INFO - تم اكتشاف 1 جزء و 443 صفحة للكتاب 1680
2025-08-16 19:23:30,367 - INFO - بدء استخراج 443 صفحة للكتاب 1680
2025-08-16 19:23:30,368 - INFO - استخراج الصفحات 1 إلى 5
2025-08-16 19:23:31,087 - INFO - تم استخراج 5 من 443 صفحة (1.1%)
2025-08-16 19:23:31,087 - INFO - استخراج الصفحات 6 إلى 10
2025-08-16 19:23:31,510 - INFO - تم استخراج 10 من 443 صفحة (2.3%)
2025-08-16 19:23:31,510 - INFO - استخراج الصفحات 11 إلى 15
2025-08-16 19:23:31,934 - INFO - تم استخراج 15 من 443 صفحة (3.4%)
2025-08-16 19:23:31,934 - INFO - استخراج الصفحات 16 إلى 20
2025-08-16 19:23:32,359 - INFO - تم استخراج 20 من 443 صفحة (4.5%)
2025-08-16 19:23:32,359 - INFO - استخراج الصفحات 21 إلى 25
2025-08-16 19:23:32,809 - INFO - تم استخراج 25 من 443 صفحة (5.6%)
2025-08-16 19:23:32,809 - INFO - استخراج الصفحات 26 إلى 30
2025-08-16 19:23:33,231 - INFO - تم استخراج 30 من 443 صفحة (6.8%)
2025-08-16 19:23:33,232 - INFO - استخراج الصفحات 31 إلى 35
2025-08-16 19:23:33,653 - INFO - تم استخراج 35 من 443 صفحة (7.9%)
2025-08-16 19:23:33,653 - INFO - استخراج الصفحات 36 إلى 40
2025-08-16 19:23:34,099 - INFO - تم استخراج 40 من 443 صفحة (9.0%)
2025-08-16 19:23:34,099 - INFO - استخراج الصفحات 41 إلى 45
2025-08-16 19:23:34,518 - INFO - تم استخراج 45 من 443 صفحة (10.2%)
2025-08-16 19:23:34,518 - INFO - استخراج الصفحات 46 إلى 50
2025-08-16 19:23:34,967 - INFO - تم استخراج 50 من 443 صفحة (11.3%)
2025-08-16 19:23:34,967 - INFO - استخراج الصفحات 51 إلى 55
2025-08-16 19:23:35,417 - INFO - تم استخراج 55 من 443 صفحة (12.4%)
2025-08-16 19:23:35,417 - INFO - استخراج الصفحات 56 إلى 60
2025-08-16 19:23:35,832 - INFO - تم استخراج 60 من 443 صفحة (13.5%)
2025-08-16 19:23:35,832 - INFO - استخراج الصفحات 61 إلى 65
2025-08-16 19:23:36,275 - INFO - تم استخراج 65 من 443 صفحة (14.7%)
2025-08-16 19:23:36,275 - INFO - استخراج الصفحات 66 إلى 70
2025-08-16 19:23:36,744 - INFO - تم استخراج 70 من 443 صفحة (15.8%)
2025-08-16 19:23:36,744 - INFO - استخراج الصفحات 71 إلى 75
2025-08-16 19:23:37,165 - INFO - تم استخراج 75 من 443 صفحة (16.9%)
2025-08-16 19:23:37,166 - INFO - استخراج الصفحات 76 إلى 80
2025-08-16 19:23:37,586 - INFO - تم استخراج 80 من 443 صفحة (18.1%)
2025-08-16 19:23:37,586 - INFO - استخراج الصفحات 81 إلى 85
2025-08-16 19:23:38,210 - INFO - تم استخراج 85 من 443 صفحة (19.2%)
2025-08-16 19:23:38,210 - INFO - استخراج الصفحات 86 إلى 90
2025-08-16 19:23:38,634 - INFO - تم استخراج 90 من 443 صفحة (20.3%)
2025-08-16 19:23:38,634 - INFO - استخراج الصفحات 91 إلى 95
2025-08-16 19:23:39,075 - INFO - تم استخراج 95 من 443 صفحة (21.4%)
2025-08-16 19:23:39,075 - INFO - استخراج الصفحات 96 إلى 100
2025-08-16 19:23:39,495 - INFO - تم استخراج 100 من 443 صفحة (22.6%)
2025-08-16 19:23:39,495 - INFO - استخراج الصفحات 101 إلى 105
2025-08-16 19:23:39,938 - INFO - تم استخراج 105 من 443 صفحة (23.7%)
2025-08-16 19:23:39,939 - INFO - استخراج الصفحات 106 إلى 110
2025-08-16 19:23:40,358 - INFO - تم استخراج 110 من 443 صفحة (24.8%)
2025-08-16 19:23:40,359 - INFO - استخراج الصفحات 111 إلى 115
2025-08-16 19:23:40,802 - INFO - تم استخراج 115 من 443 صفحة (26.0%)
2025-08-16 19:23:40,802 - INFO - استخراج الصفحات 116 إلى 120
2025-08-16 19:23:41,247 - INFO - تم استخراج 120 من 443 صفحة (27.1%)
2025-08-16 19:23:41,248 - INFO - استخراج الصفحات 121 إلى 125
2025-08-16 19:23:41,667 - INFO - تم استخراج 125 من 443 صفحة (28.2%)
2025-08-16 19:23:41,667 - INFO - استخراج الصفحات 126 إلى 130
2025-08-16 19:23:42,094 - INFO - تم استخراج 130 من 443 صفحة (29.3%)
2025-08-16 19:23:42,095 - INFO - استخراج الصفحات 131 إلى 135
2025-08-16 19:23:42,524 - INFO - تم استخراج 135 من 443 صفحة (30.5%)
2025-08-16 19:23:42,525 - INFO - استخراج الصفحات 136 إلى 140
2025-08-16 19:23:42,975 - INFO - تم استخراج 140 من 443 صفحة (31.6%)
2025-08-16 19:23:42,975 - INFO - استخراج الصفحات 141 إلى 145
2025-08-16 19:23:43,388 - INFO - تم استخراج 145 من 443 صفحة (32.7%)
2025-08-16 19:23:43,388 - INFO - استخراج الصفحات 146 إلى 150
2025-08-16 19:23:43,807 - INFO - تم استخراج 150 من 443 صفحة (33.9%)
2025-08-16 19:23:43,807 - INFO - استخراج الصفحات 151 إلى 155
2025-08-16 19:23:44,225 - INFO - تم استخراج 155 من 443 صفحة (35.0%)
2025-08-16 19:23:44,225 - INFO - استخراج الصفحات 156 إلى 160
2025-08-16 19:23:44,646 - INFO - تم استخراج 160 من 443 صفحة (36.1%)
2025-08-16 19:23:44,647 - INFO - استخراج الصفحات 161 إلى 165
2025-08-16 19:23:45,091 - INFO - تم استخراج 165 من 443 صفحة (37.2%)
2025-08-16 19:23:45,091 - INFO - استخراج الصفحات 166 إلى 170
2025-08-16 19:23:45,513 - INFO - تم استخراج 170 من 443 صفحة (38.4%)
2025-08-16 19:23:45,513 - INFO - استخراج الصفحات 171 إلى 175
2025-08-16 19:23:45,951 - INFO - تم استخراج 175 من 443 صفحة (39.5%)
2025-08-16 19:23:45,952 - INFO - استخراج الصفحات 176 إلى 180
2025-08-16 19:23:46,373 - INFO - تم استخراج 180 من 443 صفحة (40.6%)
2025-08-16 19:23:46,373 - INFO - استخراج الصفحات 181 إلى 185
2025-08-16 19:23:46,797 - INFO - تم استخراج 185 من 443 صفحة (41.8%)
2025-08-16 19:23:46,797 - INFO - استخراج الصفحات 186 إلى 190
2025-08-16 19:23:47,242 - INFO - تم استخراج 190 من 443 صفحة (42.9%)
2025-08-16 19:23:47,242 - INFO - استخراج الصفحات 191 إلى 195
2025-08-16 19:23:47,664 - INFO - تم استخراج 195 من 443 صفحة (44.0%)
2025-08-16 19:23:47,664 - INFO - استخراج الصفحات 196 إلى 200
2025-08-16 19:23:48,115 - INFO - تم استخراج 200 من 443 صفحة (45.1%)
2025-08-16 19:23:48,115 - INFO - استخراج الصفحات 201 إلى 205
2025-08-16 19:23:48,536 - INFO - تم استخراج 205 من 443 صفحة (46.3%)
2025-08-16 19:23:48,536 - INFO - استخراج الصفحات 206 إلى 210
2025-08-16 19:23:48,986 - INFO - تم استخراج 210 من 443 صفحة (47.4%)
2025-08-16 19:23:48,986 - INFO - استخراج الصفحات 211 إلى 215
2025-08-16 19:23:49,415 - INFO - تم استخراج 215 من 443 صفحة (48.5%)
2025-08-16 19:23:49,416 - INFO - استخراج الصفحات 216 إلى 220
2025-08-16 19:23:49,832 - INFO - تم استخراج 220 من 443 صفحة (49.7%)
2025-08-16 19:23:49,832 - INFO - استخراج الصفحات 221 إلى 225
2025-08-16 19:23:50,254 - INFO - تم استخراج 225 من 443 صفحة (50.8%)
2025-08-16 19:23:50,254 - INFO - استخراج الصفحات 226 إلى 230
2025-08-16 19:23:50,673 - INFO - تم استخراج 230 من 443 صفحة (51.9%)
2025-08-16 19:23:50,674 - INFO - استخراج الصفحات 231 إلى 235
2025-08-16 19:23:51,119 - INFO - تم استخراج 235 من 443 صفحة (53.0%)
2025-08-16 19:23:51,119 - INFO - استخراج الصفحات 236 إلى 240
2025-08-16 19:23:51,539 - INFO - تم استخراج 240 من 443 صفحة (54.2%)
2025-08-16 19:23:51,539 - INFO - استخراج الصفحات 241 إلى 245
2025-08-16 19:23:51,960 - INFO - تم استخراج 245 من 443 صفحة (55.3%)
2025-08-16 19:23:51,960 - INFO - استخراج الصفحات 246 إلى 250
2025-08-16 19:23:52,382 - INFO - تم استخراج 250 من 443 صفحة (56.4%)
2025-08-16 19:23:52,382 - INFO - استخراج الصفحات 251 إلى 255
2025-08-16 19:23:52,801 - INFO - تم استخراج 255 من 443 صفحة (57.6%)
2025-08-16 19:23:52,801 - INFO - استخراج الصفحات 256 إلى 260
2025-08-16 19:23:53,246 - INFO - تم استخراج 260 من 443 صفحة (58.7%)
2025-08-16 19:23:53,246 - INFO - استخراج الصفحات 261 إلى 265
2025-08-16 19:23:53,667 - INFO - تم استخراج 265 من 443 صفحة (59.8%)
2025-08-16 19:23:53,667 - INFO - استخراج الصفحات 266 إلى 270
2025-08-16 19:23:54,095 - INFO - تم استخراج 270 من 443 صفحة (60.9%)
2025-08-16 19:23:54,095 - INFO - استخراج الصفحات 271 إلى 275
2025-08-16 19:23:54,515 - INFO - تم استخراج 275 من 443 صفحة (62.1%)
2025-08-16 19:23:54,515 - INFO - استخراج الصفحات 276 إلى 280
2025-08-16 19:23:54,963 - INFO - تم استخراج 280 من 443 صفحة (63.2%)
2025-08-16 19:23:54,964 - INFO - استخراج الصفحات 281 إلى 285
2025-08-16 19:23:55,395 - INFO - تم استخراج 285 من 443 صفحة (64.3%)
2025-08-16 19:23:55,396 - INFO - استخراج الصفحات 286 إلى 290
2025-08-16 19:23:55,820 - INFO - تم استخراج 290 من 443 صفحة (65.5%)
2025-08-16 19:23:55,820 - INFO - استخراج الصفحات 291 إلى 295
2025-08-16 19:23:56,240 - INFO - تم استخراج 295 من 443 صفحة (66.6%)
2025-08-16 19:23:56,241 - INFO - استخراج الصفحات 296 إلى 300
2025-08-16 19:23:56,662 - INFO - تم استخراج 300 من 443 صفحة (67.7%)
2025-08-16 19:23:56,662 - INFO - استخراج الصفحات 301 إلى 305
2025-08-16 19:23:57,131 - INFO - تم استخراج 305 من 443 صفحة (68.8%)
2025-08-16 19:23:57,132 - INFO - استخراج الصفحات 306 إلى 310
2025-08-16 19:23:57,598 - INFO - تم استخراج 310 من 443 صفحة (70.0%)
2025-08-16 19:23:57,598 - INFO - استخراج الصفحات 311 إلى 315
2025-08-16 19:23:58,021 - INFO - تم استخراج 315 من 443 صفحة (71.1%)
2025-08-16 19:23:58,022 - INFO - استخراج الصفحات 316 إلى 320
2025-08-16 19:23:58,442 - INFO - تم استخراج 320 من 443 صفحة (72.2%)
2025-08-16 19:23:58,442 - INFO - استخراج الصفحات 321 إلى 325
2025-08-16 19:23:58,891 - INFO - تم استخراج 325 من 443 صفحة (73.4%)
2025-08-16 19:23:58,891 - INFO - استخراج الصفحات 326 إلى 330
2025-08-16 19:23:59,312 - INFO - تم استخراج 330 من 443 صفحة (74.5%)
2025-08-16 19:23:59,312 - INFO - استخراج الصفحات 331 إلى 335
2025-08-16 19:23:59,733 - INFO - تم استخراج 335 من 443 صفحة (75.6%)
2025-08-16 19:23:59,734 - INFO - استخراج الصفحات 336 إلى 340
2025-08-16 19:24:00,154 - INFO - تم استخراج 340 من 443 صفحة (76.7%)
2025-08-16 19:24:00,155 - INFO - استخراج الصفحات 341 إلى 345
2025-08-16 19:24:00,573 - INFO - تم استخراج 345 من 443 صفحة (77.9%)
2025-08-16 19:24:00,573 - INFO - استخراج الصفحات 346 إلى 350
2025-08-16 19:24:01,042 - INFO - تم استخراج 350 من 443 صفحة (79.0%)
2025-08-16 19:24:01,042 - INFO - استخراج الصفحات 351 إلى 355
2025-08-16 19:24:01,496 - INFO - تم استخراج 355 من 443 صفحة (80.1%)
2025-08-16 19:24:01,496 - INFO - استخراج الصفحات 356 إلى 360
2025-08-16 19:24:01,950 - INFO - تم استخراج 360 من 443 صفحة (81.3%)
2025-08-16 19:24:01,950 - INFO - استخراج الصفحات 361 إلى 365
2025-08-16 19:24:02,409 - INFO - تم استخراج 365 من 443 صفحة (82.4%)
2025-08-16 19:24:02,409 - INFO - استخراج الصفحات 366 إلى 370
2025-08-16 19:24:02,929 - INFO - تم استخراج 370 من 443 صفحة (83.5%)
2025-08-16 19:24:02,929 - INFO - استخراج الصفحات 371 إلى 375
2025-08-16 19:24:03,394 - INFO - تم استخراج 375 من 443 صفحة (84.7%)
2025-08-16 19:24:03,394 - INFO - استخراج الصفحات 376 إلى 380
2025-08-16 19:24:03,849 - INFO - تم استخراج 380 من 443 صفحة (85.8%)
2025-08-16 19:24:03,849 - INFO - استخراج الصفحات 381 إلى 385
2025-08-16 19:24:04,307 - INFO - تم استخراج 385 من 443 صفحة (86.9%)
2025-08-16 19:24:04,307 - INFO - استخراج الصفحات 386 إلى 390
2025-08-16 19:24:04,801 - INFO - تم استخراج 390 من 443 صفحة (88.0%)
2025-08-16 19:24:04,801 - INFO - استخراج الصفحات 391 إلى 395
2025-08-16 19:24:05,253 - INFO - تم استخراج 395 من 443 صفحة (89.2%)
2025-08-16 19:24:05,253 - INFO - استخراج الصفحات 396 إلى 400
2025-08-16 19:24:05,697 - INFO - تم استخراج 400 من 443 صفحة (90.3%)
2025-08-16 19:24:05,697 - INFO - استخراج الصفحات 401 إلى 405
2025-08-16 19:24:06,123 - INFO - تم استخراج 405 من 443 صفحة (91.4%)
2025-08-16 19:24:06,123 - INFO - استخراج الصفحات 406 إلى 410
2025-08-16 19:24:06,552 - INFO - تم استخراج 410 من 443 صفحة (92.6%)
2025-08-16 19:24:06,553 - INFO - استخراج الصفحات 411 إلى 415
2025-08-16 19:24:07,041 - INFO - تم استخراج 415 من 443 صفحة (93.7%)
2025-08-16 19:24:07,041 - INFO - استخراج الصفحات 416 إلى 420
2025-08-16 19:24:07,475 - INFO - تم استخراج 420 من 443 صفحة (94.8%)
2025-08-16 19:24:07,475 - INFO - استخراج الصفحات 421 إلى 425
2025-08-16 19:24:07,907 - INFO - تم استخراج 425 من 443 صفحة (95.9%)
2025-08-16 19:24:07,907 - INFO - استخراج الصفحات 426 إلى 430
2025-08-16 19:24:08,344 - INFO - تم استخراج 430 من 443 صفحة (97.1%)
2025-08-16 19:24:08,344 - INFO - استخراج الصفحات 431 إلى 435
2025-08-16 19:24:08,835 - INFO - تم استخراج 435 من 443 صفحة (98.2%)
2025-08-16 19:24:08,835 - INFO - استخراج الصفحات 436 إلى 440
2025-08-16 19:24:09,264 - INFO - تم استخراج 440 من 443 صفحة (99.3%)
2025-08-16 19:24:09,265 - INFO - استخراج الصفحات 441 إلى 443
2025-08-16 19:24:09,671 - INFO - تم استخراج 443 من 443 صفحة (100.0%)
2025-08-16 19:24:09,671 - INFO - تم استخراج الكتاب 1680 بنجاح - 443 صفحة
2025-08-16 19:24:10,687 - INFO - تم الاتصال بقاعدة البيانات بنجاح
2025-08-16 19:24:10,687 - INFO - بدء حفظ الكتاب: سؤالات السلمي للدارقطني
2025-08-16 19:24:10,817 - ERROR - خطأ في تنفيذ الاستعلام: 1054 (42S22): Unknown column 'published_year' in 'INSERT INTO'
2025-08-16 19:24:10,817 - ERROR - الاستعلام: 
            INSERT INTO books (title, description, slug, cover_image, published_year,
                             pages_count, volumes_count, status, visibility, source_url,
                             book_section_id, publisher_id, edition, edition_DATA,
                             created_at, updated_at)
            VALUES (%s, %s, %s, %s, %s, %s, %s, %s, %s, %s, %s, %s, %s, %s, NOW(), NOW())
            
2025-08-16 19:24:10,818 - ERROR - المعاملات: ('سؤالات السلمي للدارقطني', 'الكتاب: سؤالات السلمي للدارقطنيالمؤلف: محمد بن الحسين بن محمد بن موسى بن خالد بن سالم النيسابوري، أبو عبد الرحمن السلمي (ت ٤١٢هـ)تحقيق: فريق من الباحثين بإشراف وعناية د/ سعد بن عبد الله الحميد و د/ خالد بن عبد الرحمن الجريسيالطبعة: الأولى، ١٤٢٧ هـعدد الصفحات: ٤٥٧[ترقيم الكتاب موافق للمطبوع] صفحة المؤلف: [أبو عبد الرحمن السلمي]       نسخ الرابط  نشر لفيسيوك  نشر لتويتر        بحــث', 'سؤالات-السلمي-للدارقطني', None, None, 443, 1, 'published', 'public', 'https://shamela.ws/book/1680', None, None, 1427, 1)
2025-08-16 19:24:10,946 - ERROR - خطأ في حفظ الكتاب: 1054 (42S22): Unknown column 'published_year' in 'INSERT INTO'
2025-08-16 19:24:11,075 - INFO - تم قطع الاتصال بقاعدة البيانات
2025-08-16 19:24:51,398 - INFO - بدء استخراج الكتاب الكامل 1680
2025-08-16 19:24:51,398 - INFO - استخراج بطاقة الكتاب 1680
2025-08-16 19:24:52,133 - INFO - استخراج فهرس الكتاب 1680
2025-08-16 19:24:52,505 - INFO - تم استخراج 3 فصل رئيسي من فهرس الكتاب 1680
2025-08-16 19:24:52,505 - INFO - اكتشاف أجزاء الكتاب 1680
2025-08-16 19:24:52,878 - INFO - تم اكتشاف 1 جزء و 443 صفحة للكتاب 1680
2025-08-16 19:24:52,878 - INFO - بدء استخراج 443 صفحة للكتاب 1680
2025-08-16 19:24:52,878 - INFO - استخراج الصفحات 1 إلى 5
2025-08-16 19:24:53,583 - INFO - تم استخراج 5 من 443 صفحة (1.1%)
2025-08-16 19:24:53,584 - INFO - استخراج الصفحات 6 إلى 10
2025-08-16 19:24:54,017 - INFO - تم استخراج 10 من 443 صفحة (2.3%)
2025-08-16 19:24:54,017 - INFO - استخراج الصفحات 11 إلى 15
2025-08-16 19:24:54,437 - INFO - تم استخراج 15 من 443 صفحة (3.4%)
2025-08-16 19:24:54,437 - INFO - استخراج الصفحات 16 إلى 20
2025-08-16 19:24:54,873 - INFO - تم استخراج 20 من 443 صفحة (4.5%)
2025-08-16 19:24:54,873 - INFO - استخراج الصفحات 21 إلى 25
2025-08-16 19:24:55,324 - INFO - تم استخراج 25 من 443 صفحة (5.6%)
2025-08-16 19:24:55,324 - INFO - استخراج الصفحات 26 إلى 30
2025-08-16 19:24:55,747 - INFO - تم استخراج 30 من 443 صفحة (6.8%)
2025-08-16 19:24:55,747 - INFO - استخراج الصفحات 31 إلى 35
2025-08-16 19:24:56,172 - INFO - تم استخراج 35 من 443 صفحة (7.9%)
2025-08-16 19:24:56,172 - INFO - استخراج الصفحات 36 إلى 40
2025-08-16 19:24:56,599 - INFO - تم استخراج 40 من 443 صفحة (9.0%)
2025-08-16 19:24:56,600 - INFO - استخراج الصفحات 41 إلى 45
2025-08-16 19:24:57,020 - INFO - تم استخراج 45 من 443 صفحة (10.2%)
2025-08-16 19:24:57,020 - INFO - استخراج الصفحات 46 إلى 50
2025-08-16 19:24:57,471 - INFO - تم استخراج 50 من 443 صفحة (11.3%)
2025-08-16 19:24:57,471 - INFO - استخراج الصفحات 51 إلى 55
2025-08-16 19:24:57,896 - INFO - تم استخراج 55 من 443 صفحة (12.4%)
2025-08-16 19:24:57,896 - INFO - استخراج الصفحات 56 إلى 60
2025-08-16 19:24:58,316 - INFO - تم استخراج 60 من 443 صفحة (13.5%)
2025-08-16 19:24:58,316 - INFO - استخراج الصفحات 61 إلى 65
2025-08-16 19:24:58,734 - INFO - تم استخراج 65 من 443 صفحة (14.7%)
2025-08-16 19:24:58,735 - INFO - استخراج الصفحات 66 إلى 70
2025-08-16 19:24:59,177 - INFO - تم استخراج 70 من 443 صفحة (15.8%)
2025-08-16 19:24:59,177 - INFO - استخراج الصفحات 71 إلى 75
2025-08-16 19:24:59,617 - INFO - تم استخراج 75 من 443 صفحة (16.9%)
2025-08-16 19:24:59,617 - INFO - استخراج الصفحات 76 إلى 80
2025-08-16 19:25:00,047 - INFO - تم استخراج 80 من 443 صفحة (18.1%)
2025-08-16 19:25:00,047 - INFO - استخراج الصفحات 81 إلى 85
2025-08-16 19:25:00,466 - INFO - تم استخراج 85 من 443 صفحة (19.2%)
2025-08-16 19:25:00,467 - INFO - استخراج الصفحات 86 إلى 90
2025-08-16 19:25:00,912 - INFO - تم استخراج 90 من 443 صفحة (20.3%)
2025-08-16 19:25:00,912 - INFO - استخراج الصفحات 91 إلى 95
2025-08-16 19:25:01,359 - INFO - تم استخراج 95 من 443 صفحة (21.4%)
2025-08-16 19:25:01,359 - INFO - استخراج الصفحات 96 إلى 100
2025-08-16 19:25:01,788 - INFO - تم استخراج 100 من 443 صفحة (22.6%)
2025-08-16 19:25:01,788 - INFO - استخراج الصفحات 101 إلى 105
2025-08-16 19:25:02,232 - INFO - تم استخراج 105 من 443 صفحة (23.7%)
2025-08-16 19:25:02,232 - INFO - استخراج الصفحات 106 إلى 110
2025-08-16 19:25:02,668 - INFO - تم استخراج 110 من 443 صفحة (24.8%)
2025-08-16 19:25:02,668 - INFO - استخراج الصفحات 111 إلى 115
2025-08-16 19:25:03,122 - INFO - تم استخراج 115 من 443 صفحة (26.0%)
2025-08-16 19:25:03,122 - INFO - استخراج الصفحات 116 إلى 120
2025-08-16 19:25:03,572 - INFO - تم استخراج 120 من 443 صفحة (27.1%)
2025-08-16 19:25:03,572 - INFO - استخراج الصفحات 121 إلى 125
2025-08-16 19:25:03,994 - INFO - تم استخراج 125 من 443 صفحة (28.2%)
2025-08-16 19:25:03,994 - INFO - استخراج الصفحات 126 إلى 130
2025-08-16 19:25:04,413 - INFO - تم استخراج 130 من 443 صفحة (29.3%)
2025-08-16 19:25:04,414 - INFO - استخراج الصفحات 131 إلى 135
2025-08-16 19:25:04,844 - INFO - تم استخراج 135 من 443 صفحة (30.5%)
2025-08-16 19:25:04,844 - INFO - استخراج الصفحات 136 إلى 140
2025-08-16 19:25:05,296 - INFO - تم استخراج 140 من 443 صفحة (31.6%)
2025-08-16 19:25:05,297 - INFO - استخراج الصفحات 141 إلى 145
2025-08-16 19:25:05,722 - INFO - تم استخراج 145 من 443 صفحة (32.7%)
2025-08-16 19:25:05,723 - INFO - استخراج الصفحات 146 إلى 150
2025-08-16 19:25:06,146 - INFO - تم استخراج 150 من 443 صفحة (33.9%)
2025-08-16 19:25:06,146 - INFO - استخراج الصفحات 151 إلى 155
2025-08-16 19:25:06,570 - INFO - تم استخراج 155 من 443 صفحة (35.0%)
2025-08-16 19:25:06,570 - INFO - استخراج الصفحات 156 إلى 160
2025-08-16 19:25:06,995 - INFO - تم استخراج 160 من 443 صفحة (36.1%)
2025-08-16 19:25:06,995 - INFO - استخراج الصفحات 161 إلى 165
2025-08-16 19:25:07,470 - INFO - تم استخراج 165 من 443 صفحة (37.2%)
2025-08-16 19:25:07,471 - INFO - استخراج الصفحات 166 إلى 170
2025-08-16 19:25:07,893 - INFO - تم استخراج 170 من 443 صفحة (38.4%)
2025-08-16 19:25:07,893 - INFO - استخراج الصفحات 171 إلى 175
2025-08-16 19:25:08,324 - INFO - تم استخراج 175 من 443 صفحة (39.5%)
2025-08-16 19:25:08,324 - INFO - استخراج الصفحات 176 إلى 180
2025-08-16 19:25:08,747 - INFO - تم استخراج 180 من 443 صفحة (40.6%)
2025-08-16 19:25:08,747 - INFO - استخراج الصفحات 181 إلى 185
2025-08-16 19:25:09,170 - INFO - تم استخراج 185 من 443 صفحة (41.8%)
2025-08-16 19:25:09,170 - INFO - استخراج الصفحات 186 إلى 190
2025-08-16 19:25:09,631 - INFO - تم استخراج 190 من 443 صفحة (42.9%)
2025-08-16 19:25:09,631 - INFO - استخراج الصفحات 191 إلى 195
2025-08-16 19:25:10,064 - INFO - تم استخراج 195 من 443 صفحة (44.0%)
2025-08-16 19:25:10,065 - INFO - استخراج الصفحات 196 إلى 200
2025-08-16 19:25:10,493 - INFO - تم استخراج 200 من 443 صفحة (45.1%)
2025-08-16 19:25:10,493 - INFO - استخراج الصفحات 201 إلى 205
2025-08-16 19:25:10,938 - INFO - تم استخراج 205 من 443 صفحة (46.3%)
2025-08-16 19:25:10,939 - INFO - استخراج الصفحات 206 إلى 210
2025-08-16 19:25:11,409 - INFO - تم استخراج 210 من 443 صفحة (47.4%)
2025-08-16 19:25:11,409 - INFO - استخراج الصفحات 211 إلى 215
2025-08-16 19:25:11,831 - INFO - تم استخراج 215 من 443 صفحة (48.5%)
2025-08-16 19:25:11,831 - INFO - استخراج الصفحات 216 إلى 220
2025-08-16 19:25:12,263 - INFO - تم استخراج 220 من 443 صفحة (49.7%)
2025-08-16 19:25:12,263 - INFO - استخراج الصفحات 221 إلى 225
2025-08-16 19:25:12,689 - INFO - تم استخراج 225 من 443 صفحة (50.8%)
2025-08-16 19:25:12,689 - INFO - استخراج الصفحات 226 إلى 230
2025-08-16 19:25:13,113 - INFO - تم استخراج 230 من 443 صفحة (51.9%)
2025-08-16 19:25:13,114 - INFO - استخراج الصفحات 231 إلى 235
2025-08-16 19:25:13,574 - INFO - تم استخراج 235 من 443 صفحة (53.0%)
2025-08-16 19:25:13,574 - INFO - استخراج الصفحات 236 إلى 240
2025-08-16 19:25:13,994 - INFO - تم استخراج 240 من 443 صفحة (54.2%)
2025-08-16 19:25:13,995 - INFO - استخراج الصفحات 241 إلى 245
2025-08-16 19:25:14,434 - INFO - تم استخراج 245 من 443 صفحة (55.3%)
2025-08-16 19:25:14,434 - INFO - استخراج الصفحات 246 إلى 250
2025-08-16 19:25:14,860 - INFO - تم استخراج 250 من 443 صفحة (56.4%)
2025-08-16 19:25:14,860 - INFO - استخراج الصفحات 251 إلى 255
2025-08-16 19:25:15,304 - INFO - تم استخراج 255 من 443 صفحة (57.6%)
2025-08-16 19:25:15,304 - INFO - استخراج الصفحات 256 إلى 260
2025-08-16 19:25:15,765 - INFO - تم استخراج 260 من 443 صفحة (58.7%)
2025-08-16 19:25:15,765 - INFO - استخراج الصفحات 261 إلى 265
2025-08-16 19:25:16,209 - INFO - تم استخراج 265 من 443 صفحة (59.8%)
2025-08-16 19:25:16,209 - INFO - استخراج الصفحات 266 إلى 270
2025-08-16 19:25:16,666 - INFO - تم استخراج 270 من 443 صفحة (60.9%)
2025-08-16 19:25:16,666 - INFO - استخراج الصفحات 271 إلى 275
2025-08-16 19:25:17,106 - INFO - تم استخراج 275 من 443 صفحة (62.1%)
2025-08-16 19:25:17,106 - INFO - استخراج الصفحات 276 إلى 280
2025-08-16 19:25:17,604 - INFO - تم استخراج 280 من 443 صفحة (63.2%)
2025-08-16 19:25:17,604 - INFO - استخراج الصفحات 281 إلى 285
2025-08-16 19:25:18,032 - INFO - تم استخراج 285 من 443 صفحة (64.3%)
2025-08-16 19:25:18,033 - INFO - استخراج الصفحات 286 إلى 290
2025-08-16 19:25:18,458 - INFO - تم استخراج 290 من 443 صفحة (65.5%)
2025-08-16 19:25:18,458 - INFO - استخراج الصفحات 291 إلى 295
2025-08-16 19:25:18,897 - INFO - تم استخراج 295 من 443 صفحة (66.6%)
2025-08-16 19:25:18,897 - INFO - استخراج الصفحات 296 إلى 300
2025-08-16 19:25:19,321 - INFO - تم استخراج 300 من 443 صفحة (67.7%)
2025-08-16 19:25:19,321 - INFO - استخراج الصفحات 301 إلى 305
2025-08-16 19:25:19,788 - INFO - تم استخراج 305 من 443 صفحة (68.8%)
2025-08-16 19:25:19,788 - INFO - استخراج الصفحات 306 إلى 310
2025-08-16 19:25:20,214 - INFO - تم استخراج 310 من 443 صفحة (70.0%)
2025-08-16 19:25:20,214 - INFO - استخراج الصفحات 311 إلى 315
2025-08-16 19:25:20,638 - INFO - تم استخراج 315 من 443 صفحة (71.1%)
2025-08-16 19:25:20,638 - INFO - استخراج الصفحات 316 إلى 320
2025-08-16 19:25:21,068 - INFO - تم استخراج 320 من 443 صفحة (72.2%)
2025-08-16 19:25:21,068 - INFO - استخراج الصفحات 321 إلى 325
2025-08-16 19:25:21,530 - INFO - تم استخراج 325 من 443 صفحة (73.4%)
2025-08-16 19:25:21,530 - INFO - استخراج الصفحات 326 إلى 330
2025-08-16 19:25:21,956 - INFO - تم استخراج 330 من 443 صفحة (74.5%)
2025-08-16 19:25:21,956 - INFO - استخراج الصفحات 331 إلى 335
2025-08-16 19:25:22,383 - INFO - تم استخراج 335 من 443 صفحة (75.6%)
2025-08-16 19:25:22,383 - INFO - استخراج الصفحات 336 إلى 340
2025-08-16 19:25:22,810 - INFO - تم استخراج 340 من 443 صفحة (76.7%)
2025-08-16 19:25:22,810 - INFO - استخراج الصفحات 341 إلى 345
2025-08-16 19:25:23,237 - INFO - تم استخراج 345 من 443 صفحة (77.9%)
2025-08-16 19:25:23,237 - INFO - استخراج الصفحات 346 إلى 350
2025-08-16 19:25:23,702 - INFO - تم استخراج 350 من 443 صفحة (79.0%)
2025-08-16 19:25:23,702 - INFO - استخراج الصفحات 351 إلى 355
2025-08-16 19:25:24,141 - INFO - تم استخراج 355 من 443 صفحة (80.1%)
2025-08-16 19:25:24,141 - INFO - استخراج الصفحات 356 إلى 360
2025-08-16 19:25:24,577 - INFO - تم استخراج 360 من 443 صفحة (81.3%)
2025-08-16 19:25:24,577 - INFO - استخراج الصفحات 361 إلى 365
2025-08-16 19:25:25,042 - INFO - تم استخراج 365 من 443 صفحة (82.4%)
2025-08-16 19:25:25,043 - INFO - استخراج الصفحات 366 إلى 370
2025-08-16 19:25:25,567 - INFO - تم استخراج 370 من 443 صفحة (83.5%)
2025-08-16 19:25:25,567 - INFO - استخراج الصفحات 371 إلى 375
2025-08-16 19:25:26,035 - INFO - تم استخراج 375 من 443 صفحة (84.7%)
2025-08-16 19:25:26,036 - INFO - استخراج الصفحات 376 إلى 380
2025-08-16 19:25:26,497 - INFO - تم استخراج 380 من 443 صفحة (85.8%)
2025-08-16 19:25:26,497 - INFO - استخراج الصفحات 381 إلى 385
2025-08-16 19:25:26,958 - INFO - تم استخراج 385 من 443 صفحة (86.9%)
2025-08-16 19:25:26,958 - INFO - استخراج الصفحات 386 إلى 390
2025-08-16 19:25:27,463 - INFO - تم استخراج 390 من 443 صفحة (88.0%)
2025-08-16 19:25:27,463 - INFO - استخراج الصفحات 391 إلى 395
2025-08-16 19:25:27,917 - INFO - تم استخراج 395 من 443 صفحة (89.2%)
2025-08-16 19:25:27,917 - INFO - استخراج الصفحات 396 إلى 400
2025-08-16 19:25:28,390 - INFO - تم استخراج 400 من 443 صفحة (90.3%)
2025-08-16 19:25:28,391 - INFO - استخراج الصفحات 401 إلى 405
2025-08-16 19:25:28,853 - INFO - تم استخراج 405 من 443 صفحة (91.4%)
2025-08-16 19:25:28,853 - INFO - استخراج الصفحات 406 إلى 410
2025-08-16 19:25:29,284 - INFO - تم استخراج 410 من 443 صفحة (92.6%)
2025-08-16 19:25:29,284 - INFO - استخراج الصفحات 411 إلى 415
2025-08-16 19:25:29,788 - INFO - تم استخراج 415 من 443 صفحة (93.7%)
2025-08-16 19:25:29,788 - INFO - استخراج الصفحات 416 إلى 420
2025-08-16 19:25:30,221 - INFO - تم استخراج 420 من 443 صفحة (94.8%)
2025-08-16 19:25:30,221 - INFO - استخراج الصفحات 421 إلى 425
2025-08-16 19:25:30,659 - INFO - تم استخراج 425 من 443 صفحة (95.9%)
2025-08-16 19:25:30,659 - INFO - استخراج الصفحات 426 إلى 430
2025-08-16 19:25:31,099 - INFO - تم استخراج 430 من 443 صفحة (97.1%)
2025-08-16 19:25:31,099 - INFO - استخراج الصفحات 431 إلى 435
2025-08-16 19:25:31,571 - INFO - تم استخراج 435 من 443 صفحة (98.2%)
2025-08-16 19:25:31,571 - INFO - استخراج الصفحات 436 إلى 440
2025-08-16 19:25:32,002 - INFO - تم استخراج 440 من 443 صفحة (99.3%)
2025-08-16 19:25:32,002 - INFO - استخراج الصفحات 441 إلى 443
2025-08-16 19:25:32,413 - INFO - تم استخراج 443 من 443 صفحة (100.0%)
2025-08-16 19:25:32,413 - INFO - تم استخراج الكتاب 1680 بنجاح - 443 صفحة
2025-08-16 19:25:33,434 - INFO - تم الاتصال بقاعدة البيانات بنجاح
2025-08-16 19:25:33,434 - INFO - بدء حفظ الكتاب: سؤالات السلمي للدارقطني
2025-08-16 19:25:33,819 - ERROR - خطأ في تنفيذ الاستعلام: 1054 (42S22): Unknown column 'chapter_number' in 'INSERT INTO'
2025-08-16 19:25:33,819 - ERROR - الاستعلام: 
            INSERT INTO chapters (volume_id, book_id, chapter_number, title, parent_id, 
                                `order`, page_start, page_end, chapter_type, created_at, updated_at)
            VALUES (%s, %s, %s, %s, %s, %s, %s, %s, %s, NOW(), NOW())
            
2025-08-16 19:25:33,819 - ERROR - المعاملات: (123, 59, None, 'التعريف بالدارقطني', None, 0, 7, None, 'main')
2025-08-16 19:25:33,948 - ERROR - خطأ في حفظ الكتاب: 1054 (42S22): Unknown column 'chapter_number' in 'INSERT INTO'
2025-08-16 19:25:34,077 - INFO - تم قطع الاتصال بقاعدة البيانات
2025-08-16 19:26:00,235 - INFO - بدء استخراج الكتاب الكامل 1680
2025-08-16 19:26:00,236 - INFO - استخراج بطاقة الكتاب 1680
2025-08-16 19:26:00,969 - INFO - استخراج فهرس الكتاب 1680
2025-08-16 19:26:01,352 - INFO - تم استخراج 3 فصل رئيسي من فهرس الكتاب 1680
2025-08-16 19:26:01,352 - INFO - اكتشاف أجزاء الكتاب 1680
2025-08-16 19:26:01,733 - INFO - تم اكتشاف 1 جزء و 443 صفحة للكتاب 1680
2025-08-16 19:26:01,733 - INFO - بدء استخراج 443 صفحة للكتاب 1680
2025-08-16 19:26:01,733 - INFO - استخراج الصفحات 1 إلى 5
2025-08-16 19:26:02,455 - INFO - تم استخراج 5 من 443 صفحة (1.1%)
2025-08-16 19:26:02,455 - INFO - استخراج الصفحات 6 إلى 10
2025-08-16 19:26:02,880 - INFO - تم استخراج 10 من 443 صفحة (2.3%)
2025-08-16 19:26:02,880 - INFO - استخراج الصفحات 11 إلى 15
2025-08-16 19:26:03,305 - INFO - تم استخراج 15 من 443 صفحة (3.4%)
2025-08-16 19:26:03,305 - INFO - استخراج الصفحات 16 إلى 20
2025-08-16 19:26:03,743 - INFO - تم استخراج 20 من 443 صفحة (4.5%)
2025-08-16 19:26:03,744 - INFO - استخراج الصفحات 21 إلى 25
2025-08-16 19:26:04,209 - INFO - تم استخراج 25 من 443 صفحة (5.6%)
2025-08-16 19:26:04,210 - INFO - استخراج الصفحات 26 إلى 30
2025-08-16 19:26:04,636 - INFO - تم استخراج 30 من 443 صفحة (6.8%)
2025-08-16 19:26:04,636 - INFO - استخراج الصفحات 31 إلى 35
2025-08-16 19:26:05,066 - INFO - تم استخراج 35 من 443 صفحة (7.9%)
2025-08-16 19:26:05,066 - INFO - استخراج الصفحات 36 إلى 40
2025-08-16 19:26:05,492 - INFO - تم استخراج 40 من 443 صفحة (9.0%)
2025-08-16 19:26:05,493 - INFO - استخراج الصفحات 41 إلى 45
2025-08-16 19:26:05,938 - INFO - تم استخراج 45 من 443 صفحة (10.2%)
2025-08-16 19:26:05,939 - INFO - استخراج الصفحات 46 إلى 50
2025-08-16 19:26:06,401 - INFO - تم استخراج 50 من 443 صفحة (11.3%)
2025-08-16 19:26:06,402 - INFO - استخراج الصفحات 51 إلى 55
2025-08-16 19:26:06,830 - INFO - تم استخراج 55 من 443 صفحة (12.4%)
2025-08-16 19:26:06,830 - INFO - استخراج الصفحات 56 إلى 60
2025-08-16 19:26:07,252 - INFO - تم استخراج 60 من 443 صفحة (13.5%)
2025-08-16 19:26:07,252 - INFO - استخراج الصفحات 61 إلى 65
2025-08-16 19:26:07,696 - INFO - تم استخراج 65 من 443 صفحة (14.7%)
2025-08-16 19:26:07,696 - INFO - استخراج الصفحات 66 إلى 70
2025-08-16 19:26:08,147 - INFO - تم استخراج 70 من 443 صفحة (15.8%)
2025-08-16 19:26:08,147 - INFO - استخراج الصفحات 71 إلى 75
2025-08-16 19:26:08,572 - INFO - تم استخراج 75 من 443 صفحة (16.9%)
2025-08-16 19:26:08,572 - INFO - استخراج الصفحات 76 إلى 80
2025-08-16 19:26:09,002 - INFO - تم استخراج 80 من 443 صفحة (18.1%)
2025-08-16 19:26:09,002 - INFO - استخراج الصفحات 81 إلى 85
2025-08-16 19:26:09,451 - INFO - تم استخراج 85 من 443 صفحة (19.2%)
2025-08-16 19:26:09,451 - INFO - استخراج الصفحات 86 إلى 90
2025-08-16 19:26:09,874 - INFO - تم استخراج 90 من 443 صفحة (20.3%)
2025-08-16 19:26:09,874 - INFO - استخراج الصفحات 91 إلى 95
2025-08-16 19:26:10,333 - INFO - تم استخراج 95 من 443 صفحة (21.4%)
2025-08-16 19:26:10,333 - INFO - استخراج الصفحات 96 إلى 100
2025-08-16 19:26:10,759 - INFO - تم استخراج 100 من 443 صفحة (22.6%)
2025-08-16 19:26:10,759 - INFO - استخراج الصفحات 101 إلى 105
2025-08-16 19:26:11,185 - INFO - تم استخراج 105 من 443 صفحة (23.7%)
2025-08-16 19:26:11,185 - INFO - استخراج الصفحات 106 إلى 110
2025-08-16 19:26:11,611 - INFO - تم استخراج 110 من 443 صفحة (24.8%)
2025-08-16 19:26:11,611 - INFO - استخراج الصفحات 111 إلى 115
2025-08-16 19:26:12,045 - INFO - تم استخراج 115 من 443 صفحة (26.0%)
2025-08-16 19:26:12,045 - INFO - استخراج الصفحات 116 إلى 120
2025-08-16 19:26:12,522 - INFO - تم استخراج 120 من 443 صفحة (27.1%)
2025-08-16 19:26:12,522 - INFO - استخراج الصفحات 121 إلى 125
2025-08-16 19:26:12,956 - INFO - تم استخراج 125 من 443 صفحة (28.2%)
2025-08-16 19:26:12,956 - INFO - استخراج الصفحات 126 إلى 130
2025-08-16 19:26:13,378 - INFO - تم استخراج 130 من 443 صفحة (29.3%)
2025-08-16 19:26:13,379 - INFO - استخراج الصفحات 131 إلى 135
2025-08-16 19:26:13,802 - INFO - تم استخراج 135 من 443 صفحة (30.5%)
2025-08-16 19:26:13,802 - INFO - استخراج الصفحات 136 إلى 140
2025-08-16 19:26:14,276 - INFO - تم استخراج 140 من 443 صفحة (31.6%)
2025-08-16 19:26:14,276 - INFO - استخراج الصفحات 141 إلى 145
2025-08-16 19:26:14,699 - INFO - تم استخراج 145 من 443 صفحة (32.7%)
2025-08-16 19:26:14,699 - INFO - استخراج الصفحات 146 إلى 150
2025-08-16 19:26:15,123 - INFO - تم استخراج 150 من 443 صفحة (33.9%)
2025-08-16 19:26:15,123 - INFO - استخراج الصفحات 151 إلى 155
2025-08-16 19:26:15,547 - INFO - تم استخراج 155 من 443 صفحة (35.0%)
2025-08-16 19:26:15,547 - INFO - استخراج الصفحات 156 إلى 160
2025-08-16 19:26:15,971 - INFO - تم استخراج 160 من 443 صفحة (36.1%)
2025-08-16 19:26:15,971 - INFO - استخراج الصفحات 161 إلى 165
2025-08-16 19:26:16,436 - INFO - تم استخراج 165 من 443 صفحة (37.2%)
2025-08-16 19:26:16,437 - INFO - استخراج الصفحات 166 إلى 170
2025-08-16 19:26:16,860 - INFO - تم استخراج 170 من 443 صفحة (38.4%)
2025-08-16 19:26:16,860 - INFO - استخراج الصفحات 171 إلى 175
2025-08-16 19:26:17,285 - INFO - تم استخراج 175 من 443 صفحة (39.5%)
2025-08-16 19:26:17,285 - INFO - استخراج الصفحات 176 إلى 180
2025-08-16 19:26:17,711 - INFO - تم استخراج 180 من 443 صفحة (40.6%)
2025-08-16 19:26:17,711 - INFO - استخراج الصفحات 181 إلى 185
2025-08-16 19:26:18,135 - INFO - تم استخراج 185 من 443 صفحة (41.8%)
2025-08-16 19:26:18,135 - INFO - استخراج الصفحات 186 إلى 190
2025-08-16 19:26:18,596 - INFO - تم استخراج 190 من 443 صفحة (42.9%)
2025-08-16 19:26:18,596 - INFO - استخراج الصفحات 191 إلى 195
2025-08-16 19:26:19,024 - INFO - تم استخراج 195 من 443 صفحة (44.0%)
2025-08-16 19:26:19,024 - INFO - استخراج الصفحات 196 إلى 200
2025-08-16 19:26:19,447 - INFO - تم استخراج 200 من 443 صفحة (45.1%)
2025-08-16 19:26:19,448 - INFO - استخراج الصفحات 201 إلى 205
2025-08-16 19:26:19,870 - INFO - تم استخراج 205 من 443 صفحة (46.3%)
2025-08-16 19:26:19,871 - INFO - استخراج الصفحات 206 إلى 210
2025-08-16 19:26:20,332 - INFO - تم استخراج 210 من 443 صفحة (47.4%)
2025-08-16 19:26:20,332 - INFO - استخراج الصفحات 211 إلى 215
2025-08-16 19:26:20,757 - INFO - تم استخراج 215 من 443 صفحة (48.5%)
2025-08-16 19:26:20,757 - INFO - استخراج الصفحات 216 إلى 220
2025-08-16 19:26:21,182 - INFO - تم استخراج 220 من 443 صفحة (49.7%)
2025-08-16 19:26:21,182 - INFO - استخراج الصفحات 221 إلى 225
2025-08-16 19:26:21,630 - INFO - تم استخراج 225 من 443 صفحة (50.8%)
2025-08-16 19:26:21,630 - INFO - استخراج الصفحات 226 إلى 230
2025-08-16 19:26:22,057 - INFO - تم استخراج 230 من 443 صفحة (51.9%)
2025-08-16 19:26:22,058 - INFO - استخراج الصفحات 231 إلى 235
2025-08-16 19:26:22,522 - INFO - تم استخراج 235 من 443 صفحة (53.0%)
2025-08-16 19:26:22,522 - INFO - استخراج الصفحات 236 إلى 240
2025-08-16 19:26:22,947 - INFO - تم استخراج 240 من 443 صفحة (54.2%)
2025-08-16 19:26:22,947 - INFO - استخراج الصفحات 241 إلى 245
2025-08-16 19:26:23,376 - INFO - تم استخراج 245 من 443 صفحة (55.3%)
2025-08-16 19:26:23,376 - INFO - استخراج الصفحات 246 إلى 250
2025-08-16 19:26:23,799 - INFO - تم استخراج 250 من 443 صفحة (56.4%)
2025-08-16 19:26:23,799 - INFO - استخراج الصفحات 251 إلى 255
2025-08-16 19:26:24,252 - INFO - تم استخراج 255 من 443 صفحة (57.6%)
2025-08-16 19:26:24,252 - INFO - استخراج الصفحات 256 إلى 260
2025-08-16 19:26:24,729 - INFO - تم استخراج 260 من 443 صفحة (58.7%)
2025-08-16 19:26:24,729 - INFO - استخراج الصفحات 261 إلى 265
2025-08-16 19:26:25,157 - INFO - تم استخراج 265 من 443 صفحة (59.8%)
2025-08-16 19:26:25,157 - INFO - استخراج الصفحات 266 إلى 270
2025-08-16 19:26:25,586 - INFO - تم استخراج 270 من 443 صفحة (60.9%)
2025-08-16 19:26:25,586 - INFO - استخراج الصفحات 271 إلى 275
2025-08-16 19:26:26,008 - INFO - تم استخراج 275 من 443 صفحة (62.1%)
2025-08-16 19:26:26,009 - INFO - استخراج الصفحات 276 إلى 280
2025-08-16 19:26:26,473 - INFO - تم استخراج 280 من 443 صفحة (63.2%)
2025-08-16 19:26:26,473 - INFO - استخراج الصفحات 281 إلى 285
2025-08-16 19:26:26,905 - INFO - تم استخراج 285 من 443 صفحة (64.3%)
2025-08-16 19:26:26,905 - INFO - استخراج الصفحات 286 إلى 290
2025-08-16 19:26:27,332 - INFO - تم استخراج 290 من 443 صفحة (65.5%)
2025-08-16 19:26:27,333 - INFO - استخراج الصفحات 291 إلى 295
2025-08-16 19:26:27,756 - INFO - تم استخراج 295 من 443 صفحة (66.6%)
2025-08-16 19:26:27,757 - INFO - استخراج الصفحات 296 إلى 300
2025-08-16 19:26:28,190 - INFO - تم استخراج 300 من 443 صفحة (67.7%)
2025-08-16 19:26:28,190 - INFO - استخراج الصفحات 301 إلى 305
2025-08-16 19:26:28,653 - INFO - تم استخراج 305 من 443 صفحة (68.8%)
2025-08-16 19:26:28,653 - INFO - استخراج الصفحات 306 إلى 310
2025-08-16 19:26:29,077 - INFO - تم استخراج 310 من 443 صفحة (70.0%)
2025-08-16 19:26:29,077 - INFO - استخراج الصفحات 311 إلى 315
2025-08-16 19:26:29,527 - INFO - تم استخراج 315 من 443 صفحة (71.1%)
2025-08-16 19:26:29,527 - INFO - استخراج الصفحات 316 إلى 320
2025-08-16 19:26:29,950 - INFO - تم استخراج 320 من 443 صفحة (72.2%)
2025-08-16 19:26:29,951 - INFO - استخراج الصفحات 321 إلى 325
2025-08-16 19:26:30,434 - INFO - تم استخراج 325 من 443 صفحة (73.4%)
2025-08-16 19:26:30,434 - INFO - استخراج الصفحات 326 إلى 330
2025-08-16 19:26:30,870 - INFO - تم استخراج 330 من 443 صفحة (74.5%)
2025-08-16 19:26:30,870 - INFO - استخراج الصفحات 331 إلى 335
2025-08-16 19:26:31,293 - INFO - تم استخراج 335 من 443 صفحة (75.6%)
2025-08-16 19:26:31,293 - INFO - استخراج الصفحات 336 إلى 340
2025-08-16 19:26:31,742 - INFO - تم استخراج 340 من 443 صفحة (76.7%)
2025-08-16 19:26:31,742 - INFO - استخراج الصفحات 341 إلى 345
2025-08-16 19:26:32,194 - INFO - تم استخراج 345 من 443 صفحة (77.9%)
2025-08-16 19:26:32,194 - INFO - استخراج الصفحات 346 إلى 350
2025-08-16 19:26:32,656 - INFO - تم استخراج 350 من 443 صفحة (79.0%)
2025-08-16 19:26:32,656 - INFO - استخراج الصفحات 351 إلى 355
2025-08-16 19:26:33,082 - INFO - تم استخراج 355 من 443 صفحة (80.1%)
2025-08-16 19:26:33,082 - INFO - استخراج الصفحات 356 إلى 360
2025-08-16 19:26:33,514 - INFO - تم استخراج 360 من 443 صفحة (81.3%)
2025-08-16 19:26:33,514 - INFO - استخراج الصفحات 361 إلى 365
2025-08-16 19:26:33,981 - INFO - تم استخراج 365 من 443 صفحة (82.4%)
2025-08-16 19:26:33,981 - INFO - استخراج الصفحات 366 إلى 370
2025-08-16 19:26:34,478 - INFO - تم استخراج 370 من 443 صفحة (83.5%)
2025-08-16 19:26:34,478 - INFO - استخراج الصفحات 371 إلى 375
2025-08-16 19:26:34,965 - INFO - تم استخراج 375 من 443 صفحة (84.7%)
2025-08-16 19:26:34,965 - INFO - استخراج الصفحات 376 إلى 380
2025-08-16 19:26:35,456 - INFO - تم استخراج 380 من 443 صفحة (85.8%)
2025-08-16 19:26:35,456 - INFO - استخراج الصفحات 381 إلى 385
2025-08-16 19:26:35,945 - INFO - تم استخراج 385 من 443 صفحة (86.9%)
2025-08-16 19:26:35,945 - INFO - استخراج الصفحات 386 إلى 390
2025-08-16 19:26:36,436 - INFO - تم استخراج 390 من 443 صفحة (88.0%)
2025-08-16 19:26:36,436 - INFO - استخراج الصفحات 391 إلى 395
2025-08-16 19:26:36,884 - INFO - تم استخراج 395 من 443 صفحة (89.2%)
2025-08-16 19:26:36,884 - INFO - استخراج الصفحات 396 إلى 400
2025-08-16 19:26:37,332 - INFO - تم استخراج 400 من 443 صفحة (90.3%)
2025-08-16 19:26:37,332 - INFO - استخراج الصفحات 401 إلى 405
2025-08-16 19:26:37,760 - INFO - تم استخراج 405 من 443 صفحة (91.4%)
2025-08-16 19:26:37,760 - INFO - استخراج الصفحات 406 إلى 410
2025-08-16 19:26:38,208 - INFO - تم استخراج 410 من 443 صفحة (92.6%)
2025-08-16 19:26:38,208 - INFO - استخراج الصفحات 411 إلى 415
2025-08-16 19:26:38,667 - INFO - تم استخراج 415 من 443 صفحة (93.7%)
2025-08-16 19:26:38,667 - INFO - استخراج الصفحات 416 إلى 420
2025-08-16 19:26:39,097 - INFO - تم استخراج 420 من 443 صفحة (94.8%)
2025-08-16 19:26:39,097 - INFO - استخراج الصفحات 421 إلى 425
2025-08-16 19:26:39,531 - INFO - تم استخراج 425 من 443 صفحة (95.9%)
2025-08-16 19:26:39,531 - INFO - استخراج الصفحات 426 إلى 430
2025-08-16 19:26:39,962 - INFO - تم استخراج 430 من 443 صفحة (97.1%)
2025-08-16 19:26:39,962 - INFO - استخراج الصفحات 431 إلى 435
2025-08-16 19:26:40,467 - INFO - تم استخراج 435 من 443 صفحة (98.2%)
2025-08-16 19:26:40,467 - INFO - استخراج الصفحات 436 إلى 440
2025-08-16 19:26:40,930 - INFO - تم استخراج 440 من 443 صفحة (99.3%)
2025-08-16 19:26:40,931 - INFO - استخراج الصفحات 441 إلى 443
2025-08-16 19:26:41,338 - INFO - تم استخراج 443 من 443 صفحة (100.0%)
2025-08-16 19:26:41,339 - INFO - تم استخراج الكتاب 1680 بنجاح - 443 صفحة
2025-08-16 19:26:42,342 - INFO - تم الاتصال بقاعدة البيانات بنجاح
2025-08-16 19:26:42,342 - INFO - بدء حفظ الكتاب: سؤالات السلمي للدارقطني
2025-08-16 19:27:40,651 - INFO - تم حفظ الكتاب بنجاح: سؤالات السلمي للدارقطني (ID: 60)
2025-08-16 19:27:40,653 - INFO - تم قطع الاتصال بقاعدة البيانات
2025-08-16 19:29:35,434 - INFO - بدء استخراج الكتاب الكامل 1680
2025-08-16 19:29:35,434 - INFO - استخراج بطاقة الكتاب 1680
2025-08-16 19:29:36,151 - INFO - استخراج فهرس الكتاب 1680
2025-08-16 19:29:36,542 - INFO - تم استخراج 3 فصل رئيسي من فهرس الكتاب 1680
2025-08-16 19:29:36,542 - INFO - اكتشاف أجزاء الكتاب 1680
2025-08-16 19:29:36,916 - INFO - تم اكتشاف 1 جزء و 443 صفحة للكتاب 1680
2025-08-16 19:29:36,916 - INFO - بدء استخراج 443 صفحة للكتاب 1680
2025-08-16 19:29:36,916 - INFO - استخراج الصفحات 1 إلى 5
2025-08-16 19:29:37,633 - INFO - تم استخراج 5 من 443 صفحة (1.1%)
2025-08-16 19:29:37,634 - INFO - استخراج الصفحات 6 إلى 10
2025-08-16 19:29:38,065 - INFO - تم استخراج 10 من 443 صفحة (2.3%)
2025-08-16 19:29:38,065 - INFO - استخراج الصفحات 11 إلى 15
2025-08-16 19:29:38,483 - INFO - تم استخراج 15 من 443 صفحة (3.4%)
2025-08-16 19:29:38,484 - INFO - استخراج الصفحات 16 إلى 20
2025-08-16 19:29:38,905 - INFO - تم استخراج 20 من 443 صفحة (4.5%)
2025-08-16 19:29:38,905 - INFO - استخراج الصفحات 21 إلى 25
2025-08-16 19:29:39,354 - INFO - تم استخراج 25 من 443 صفحة (5.6%)
2025-08-16 19:29:39,354 - INFO - استخراج الصفحات 26 إلى 30
2025-08-16 19:29:39,808 - INFO - تم استخراج 30 من 443 صفحة (6.8%)
2025-08-16 19:29:39,808 - INFO - استخراج الصفحات 31 إلى 35
2025-08-16 19:29:40,235 - INFO - تم استخراج 35 من 443 صفحة (7.9%)
2025-08-16 19:29:40,235 - INFO - استخراج الصفحات 36 إلى 40
2025-08-16 19:29:40,694 - INFO - تم استخراج 40 من 443 صفحة (9.0%)
2025-08-16 19:29:40,694 - INFO - استخراج الصفحات 41 إلى 45
2025-08-16 19:29:41,117 - INFO - تم استخراج 45 من 443 صفحة (10.2%)
2025-08-16 19:29:41,117 - INFO - استخراج الصفحات 46 إلى 50
2025-08-16 19:29:41,567 - INFO - تم استخراج 50 من 443 صفحة (11.3%)
2025-08-16 19:29:41,567 - INFO - استخراج الصفحات 51 إلى 55
2025-08-16 19:29:41,994 - INFO - تم استخراج 55 من 443 صفحة (12.4%)
2025-08-16 19:29:41,994 - INFO - استخراج الصفحات 56 إلى 60
2025-08-16 19:29:42,415 - INFO - تم استخراج 60 من 443 صفحة (13.5%)
2025-08-16 19:29:42,415 - INFO - استخراج الصفحات 61 إلى 65
2025-08-16 19:29:42,867 - INFO - تم استخراج 65 من 443 صفحة (14.7%)
2025-08-16 19:29:42,868 - INFO - استخراج الصفحات 66 إلى 70
2025-08-16 19:29:43,320 - INFO - تم استخراج 70 من 443 صفحة (15.8%)
2025-08-16 19:29:43,320 - INFO - استخراج الصفحات 71 إلى 75
2025-08-16 19:29:43,748 - INFO - تم استخراج 75 من 443 صفحة (16.9%)
2025-08-16 19:29:43,748 - INFO - استخراج الصفحات 76 إلى 80
2025-08-16 19:29:44,174 - INFO - تم استخراج 80 من 443 صفحة (18.1%)
2025-08-16 19:29:44,174 - INFO - استخراج الصفحات 81 إلى 85
2025-08-16 19:29:44,602 - INFO - تم استخراج 85 من 443 صفحة (19.2%)
2025-08-16 19:29:44,602 - INFO - استخراج الصفحات 86 إلى 90
2025-08-16 19:29:45,021 - INFO - تم استخراج 90 من 443 صفحة (20.3%)
2025-08-16 19:29:45,021 - INFO - استخراج الصفحات 91 إلى 95
2025-08-16 19:29:45,479 - INFO - تم استخراج 95 من 443 صفحة (21.4%)
2025-08-16 19:29:45,479 - INFO - استخراج الصفحات 96 إلى 100
2025-08-16 19:29:45,921 - INFO - تم استخراج 100 من 443 صفحة (22.6%)
2025-08-16 19:29:45,921 - INFO - استخراج الصفحات 101 إلى 105
2025-08-16 19:29:46,360 - INFO - تم استخراج 105 من 443 صفحة (23.7%)
2025-08-16 19:29:46,360 - INFO - استخراج الصفحات 106 إلى 110
2025-08-16 19:29:46,816 - INFO - تم استخراج 110 من 443 صفحة (24.8%)
2025-08-16 19:29:46,816 - INFO - استخراج الصفحات 111 إلى 115
2025-08-16 19:29:47,233 - INFO - تم استخراج 115 من 443 صفحة (26.0%)
2025-08-16 19:29:47,233 - INFO - استخراج الصفحات 116 إلى 120
2025-08-16 19:29:47,679 - INFO - تم استخراج 120 من 443 صفحة (27.1%)
2025-08-16 19:29:47,679 - INFO - استخراج الصفحات 121 إلى 125
2025-08-16 19:29:48,105 - INFO - تم استخراج 125 من 443 صفحة (28.2%)
2025-08-16 19:29:48,105 - INFO - استخراج الصفحات 126 إلى 130
2025-08-16 19:29:48,526 - INFO - تم استخراج 130 من 443 صفحة (29.3%)
2025-08-16 19:29:48,526 - INFO - استخراج الصفحات 131 إلى 135
2025-08-16 19:29:48,943 - INFO - تم استخراج 135 من 443 صفحة (30.5%)
2025-08-16 19:29:48,944 - INFO - استخراج الصفحات 136 إلى 140
2025-08-16 19:29:49,396 - INFO - تم استخراج 140 من 443 صفحة (31.6%)
2025-08-16 19:29:49,397 - INFO - استخراج الصفحات 141 إلى 145
2025-08-16 19:29:49,816 - INFO - تم استخراج 145 من 443 صفحة (32.7%)
2025-08-16 19:29:49,816 - INFO - استخراج الصفحات 146 إلى 150
2025-08-16 19:29:50,233 - INFO - تم استخراج 150 من 443 صفحة (33.9%)
2025-08-16 19:29:50,233 - INFO - استخراج الصفحات 151 إلى 155
2025-08-16 19:29:50,654 - INFO - تم استخراج 155 من 443 صفحة (35.0%)
2025-08-16 19:29:50,654 - INFO - استخراج الصفحات 156 إلى 160
2025-08-16 19:29:51,075 - INFO - تم استخراج 160 من 443 صفحة (36.1%)
2025-08-16 19:29:51,075 - INFO - استخراج الصفحات 161 إلى 165
2025-08-16 19:29:51,517 - INFO - تم استخراج 165 من 443 صفحة (37.2%)
2025-08-16 19:29:51,518 - INFO - استخراج الصفحات 166 إلى 170
2025-08-16 19:29:51,947 - INFO - تم استخراج 170 من 443 صفحة (38.4%)
2025-08-16 19:29:51,947 - INFO - استخراج الصفحات 171 إلى 175
2025-08-16 19:29:52,374 - INFO - تم استخراج 175 من 443 صفحة (39.5%)
2025-08-16 19:29:52,374 - INFO - استخراج الصفحات 176 إلى 180
2025-08-16 19:29:52,799 - INFO - تم استخراج 180 من 443 صفحة (40.6%)
2025-08-16 19:29:52,799 - INFO - استخراج الصفحات 181 إلى 185
2025-08-16 19:29:53,237 - INFO - تم استخراج 185 من 443 صفحة (41.8%)
2025-08-16 19:29:53,237 - INFO - استخراج الصفحات 186 إلى 190
2025-08-16 19:29:53,688 - INFO - تم استخراج 190 من 443 صفحة (42.9%)
2025-08-16 19:29:53,688 - INFO - استخراج الصفحات 191 إلى 195
2025-08-16 19:29:54,118 - INFO - تم استخراج 195 من 443 صفحة (44.0%)
2025-08-16 19:29:54,118 - INFO - استخراج الصفحات 196 إلى 200
2025-08-16 19:29:54,542 - INFO - تم استخراج 200 من 443 صفحة (45.1%)
2025-08-16 19:29:54,542 - INFO - استخراج الصفحات 201 إلى 205
2025-08-16 19:29:54,994 - INFO - تم استخراج 205 من 443 صفحة (46.3%)
2025-08-16 19:29:54,994 - INFO - استخراج الصفحات 206 إلى 210
2025-08-16 19:29:55,467 - INFO - تم استخراج 210 من 443 صفحة (47.4%)
2025-08-16 19:29:55,467 - INFO - استخراج الصفحات 211 إلى 215
2025-08-16 19:29:55,928 - INFO - تم استخراج 215 من 443 صفحة (48.5%)
2025-08-16 19:29:55,928 - INFO - استخراج الصفحات 216 إلى 220
2025-08-16 19:29:56,381 - INFO - تم استخراج 220 من 443 صفحة (49.7%)
2025-08-16 19:29:56,381 - INFO - استخراج الصفحات 221 إلى 225
2025-08-16 19:29:56,813 - INFO - تم استخراج 225 من 443 صفحة (50.8%)
2025-08-16 19:29:56,813 - INFO - استخراج الصفحات 226 إلى 230
2025-08-16 19:29:57,231 - INFO - تم استخراج 230 من 443 صفحة (51.9%)
2025-08-16 19:29:57,231 - INFO - استخراج الصفحات 231 إلى 235
2025-08-16 19:29:57,680 - INFO - تم استخراج 235 من 443 صفحة (53.0%)
2025-08-16 19:29:57,680 - INFO - استخراج الصفحات 236 إلى 240
2025-08-16 19:29:58,104 - INFO - تم استخراج 240 من 443 صفحة (54.2%)
2025-08-16 19:29:58,104 - INFO - استخراج الصفحات 241 إلى 245
2025-08-16 19:29:58,523 - INFO - تم استخراج 245 من 443 صفحة (55.3%)
2025-08-16 19:29:58,523 - INFO - استخراج الصفحات 246 إلى 250
2025-08-16 19:29:58,960 - INFO - تم استخراج 250 من 443 صفحة (56.4%)
2025-08-16 19:29:58,960 - INFO - استخراج الصفحات 251 إلى 255
2025-08-16 19:29:59,386 - INFO - تم استخراج 255 من 443 صفحة (57.6%)
2025-08-16 19:29:59,386 - INFO - استخراج الصفحات 256 إلى 260
2025-08-16 19:29:59,834 - INFO - تم استخراج 260 من 443 صفحة (58.7%)
2025-08-16 19:29:59,834 - INFO - استخراج الصفحات 261 إلى 265
2025-08-16 19:30:00,261 - INFO - تم استخراج 265 من 443 صفحة (59.8%)
2025-08-16 19:30:00,261 - INFO - استخراج الصفحات 266 إلى 270
2025-08-16 19:30:00,687 - INFO - تم استخراج 270 من 443 صفحة (60.9%)
2025-08-16 19:30:00,687 - INFO - استخراج الصفحات 271 إلى 275
2025-08-16 19:30:01,117 - INFO - تم استخراج 275 من 443 صفحة (62.1%)
2025-08-16 19:30:01,117 - INFO - استخراج الصفحات 276 إلى 280
2025-08-16 19:30:01,595 - INFO - تم استخراج 280 من 443 صفحة (63.2%)
2025-08-16 19:30:01,595 - INFO - استخراج الصفحات 281 إلى 285
2025-08-16 19:30:02,021 - INFO - تم استخراج 285 من 443 صفحة (64.3%)
2025-08-16 19:30:02,021 - INFO - استخراج الصفحات 286 إلى 290
2025-08-16 19:30:02,448 - INFO - تم استخراج 290 من 443 صفحة (65.5%)
2025-08-16 19:30:02,449 - INFO - استخراج الصفحات 291 إلى 295
2025-08-16 19:30:02,870 - INFO - تم استخراج 295 من 443 صفحة (66.6%)
2025-08-16 19:30:02,870 - INFO - استخراج الصفحات 296 إلى 300
2025-08-16 19:30:03,297 - INFO - تم استخراج 300 من 443 صفحة (67.7%)
2025-08-16 19:30:03,297 - INFO - استخراج الصفحات 301 إلى 305
2025-08-16 19:30:03,769 - INFO - تم استخراج 305 من 443 صفحة (68.8%)
2025-08-16 19:30:03,770 - INFO - استخراج الصفحات 306 إلى 310
2025-08-16 19:30:04,205 - INFO - تم استخراج 310 من 443 صفحة (70.0%)
2025-08-16 19:30:04,205 - INFO - استخراج الصفحات 311 إلى 315
2025-08-16 19:30:04,627 - INFO - تم استخراج 315 من 443 صفحة (71.1%)
2025-08-16 19:30:04,627 - INFO - استخراج الصفحات 316 إلى 320
2025-08-16 19:30:05,054 - INFO - تم استخراج 320 من 443 صفحة (72.2%)
2025-08-16 19:30:05,055 - INFO - استخراج الصفحات 321 إلى 325
2025-08-16 19:30:05,519 - INFO - تم استخراج 325 من 443 صفحة (73.4%)
2025-08-16 19:30:05,519 - INFO - استخراج الصفحات 326 إلى 330
2025-08-16 19:30:05,954 - INFO - تم استخراج 330 من 443 صفحة (74.5%)
2025-08-16 19:30:05,954 - INFO - استخراج الصفحات 331 إلى 335
2025-08-16 19:30:06,375 - INFO - تم استخراج 335 من 443 صفحة (75.6%)
2025-08-16 19:30:06,375 - INFO - استخراج الصفحات 336 إلى 340
2025-08-16 19:30:06,802 - INFO - تم استخراج 340 من 443 صفحة (76.7%)
2025-08-16 19:30:06,802 - INFO - استخراج الصفحات 341 إلى 345
2025-08-16 19:30:07,241 - INFO - تم استخراج 345 من 443 صفحة (77.9%)
2025-08-16 19:30:07,241 - INFO - استخراج الصفحات 346 إلى 350
2025-08-16 19:30:07,706 - INFO - تم استخراج 350 من 443 صفحة (79.0%)
2025-08-16 19:30:07,706 - INFO - استخراج الصفحات 351 إلى 355
2025-08-16 19:30:08,131 - INFO - تم استخراج 355 من 443 صفحة (80.1%)
2025-08-16 19:30:08,131 - INFO - استخراج الصفحات 356 إلى 360
2025-08-16 19:30:08,561 - INFO - تم استخراج 360 من 443 صفحة (81.3%)
2025-08-16 19:30:08,561 - INFO - استخراج الصفحات 361 إلى 365
2025-08-16 19:30:09,022 - INFO - تم استخراج 365 من 443 صفحة (82.4%)
2025-08-16 19:30:09,023 - INFO - استخراج الصفحات 366 إلى 370
2025-08-16 19:30:09,528 - INFO - تم استخراج 370 من 443 صفحة (83.5%)
2025-08-16 19:30:09,529 - INFO - استخراج الصفحات 371 إلى 375
2025-08-16 19:30:09,996 - INFO - تم استخراج 375 من 443 صفحة (84.7%)
2025-08-16 19:30:09,997 - INFO - استخراج الصفحات 376 إلى 380
2025-08-16 19:30:10,457 - INFO - تم استخراج 380 من 443 صفحة (85.8%)
2025-08-16 19:30:10,457 - INFO - استخراج الصفحات 381 إلى 385
2025-08-16 19:30:10,947 - INFO - تم استخراج 385 من 443 صفحة (86.9%)
2025-08-16 19:30:10,947 - INFO - استخراج الصفحات 386 إلى 390
2025-08-16 19:30:11,446 - INFO - تم استخراج 390 من 443 صفحة (88.0%)
2025-08-16 19:30:11,446 - INFO - استخراج الصفحات 391 إلى 395
2025-08-16 19:30:11,894 - INFO - تم استخراج 395 من 443 صفحة (89.2%)
2025-08-16 19:30:11,894 - INFO - استخراج الصفحات 396 إلى 400
2025-08-16 19:30:12,334 - INFO - تم استخراج 400 من 443 صفحة (90.3%)
2025-08-16 19:30:12,334 - INFO - استخراج الصفحات 401 إلى 405
2025-08-16 19:30:12,761 - INFO - تم استخراج 405 من 443 صفحة (91.4%)
2025-08-16 19:30:12,761 - INFO - استخراج الصفحات 406 إلى 410
2025-08-16 19:30:13,189 - INFO - تم استخراج 410 من 443 صفحة (92.6%)
2025-08-16 19:30:13,190 - INFO - استخراج الصفحات 411 إلى 415
2025-08-16 19:30:13,663 - INFO - تم استخراج 415 من 443 صفحة (93.7%)
2025-08-16 19:30:13,663 - INFO - استخراج الصفحات 416 إلى 420
2025-08-16 19:30:14,127 - INFO - تم استخراج 420 من 443 صفحة (94.8%)
2025-08-16 19:30:14,127 - INFO - استخراج الصفحات 421 إلى 425
2025-08-16 19:30:14,568 - INFO - تم استخراج 425 من 443 صفحة (95.9%)
2025-08-16 19:30:14,568 - INFO - استخراج الصفحات 426 إلى 430
2025-08-16 19:30:15,001 - INFO - تم استخراج 430 من 443 صفحة (97.1%)
2025-08-16 19:30:15,001 - INFO - استخراج الصفحات 431 إلى 435
2025-08-16 19:30:15,472 - INFO - تم استخراج 435 من 443 صفحة (98.2%)
2025-08-16 19:30:15,472 - INFO - استخراج الصفحات 436 إلى 440
2025-08-16 19:30:15,927 - INFO - تم استخراج 440 من 443 صفحة (99.3%)
2025-08-16 19:30:15,927 - INFO - استخراج الصفحات 441 إلى 443
2025-08-16 19:30:16,340 - INFO - تم استخراج 443 من 443 صفحة (100.0%)
2025-08-16 19:30:16,340 - INFO - تم استخراج الكتاب 1680 بنجاح - 443 صفحة
